#
# There is insufficient memory for the Java Runtime Environment to continue.
# Native memory allocation (malloc) failed to allocate 32744 bytes for ChunkPool::allocate
# Possible reasons:
#   The system is out of physical RAM or swap space
#   The process is running with CompressedOops enabled, and the Java Heap may be blocking the growth of the native heap
# Possible solutions:
#   Reduce memory load on the system
#   Increase physical memory or swap space
#   Check if swap backing store is full
#   Decrease Java heap size (-Xmx/-Xms)
#   Decrease number of Java threads
#   Decrease Java thread stack sizes (-Xss)
#   Set larger code cache with -XX:ReservedCodeCacheSize=
#   JVM is running with Unscaled Compressed Oops mode in which the Java heap is
#     placed in the first 4GB address space. The Java Heap base address is the
#     maximum limit for the native heap growth. Please use -XX:HeapBaseMinAddress
#     to set the Java Heap base and to place the Java Heap above 4GB virtual address.
# This output file may be truncated or incomplete.
#
#  Out of Memory Error (allocation.cpp:272), pid=20844, tid=0x00000000000016cc
#
# JRE version: Java(TM) SE Runtime Environment (8.0_261-b12) (build 1.8.0_261-b12)
# Java VM: Java HotSpot(TM) 64-Bit Server VM (25.261-b12 mixed mode windows-amd64 compressed oops)
# Failed to write core dump. Minidumps are not enabled by default on client versions of Windows
#

---------------  T H R E A D  ---------------

Current thread (0x0000013a483d3800):  JavaThread "C1 CompilerThread3" daemon [_thread_in_native, id=5836, stack(0x00000024fae00000,0x00000024faf00000)]

Stack: [0x00000024fae00000,0x00000024faf00000]
Native frames: (J=compiled Java code, j=interpreted, Vv=VM code, C=native code)
V  [jvm.dll+0x33e5f9]
V  [jvm.dll+0x2850e2]
V  [jvm.dll+0x285d8d]
V  [jvm.dll+0x27c895]
V  [jvm.dll+0xe520d]
V  [jvm.dll+0xe556c]
V  [jvm.dll+0xc3284]
V  [jvm.dll+0xc2bad]
V  [jvm.dll+0x4ecc6]
V  [jvm.dll+0x3fe070]
V  [jvm.dll+0x3f22b4]
V  [jvm.dll+0x3fdbcb]
V  [jvm.dll+0x401018]
V  [jvm.dll+0x400aac]
V  [jvm.dll+0x3f81d5]
V  [jvm.dll+0x3fa660]
V  [jvm.dll+0x3f894c]
V  [jvm.dll+0x4014ec]
V  [jvm.dll+0x400aac]
V  [jvm.dll+0x3f81d5]
V  [jvm.dll+0x3fa660]
V  [jvm.dll+0x3f8a44]
V  [jvm.dll+0x3f29e6]
V  [jvm.dll+0x40562c]
V  [jvm.dll+0x4053a2]
V  [jvm.dll+0x3ef408]
V  [jvm.dll+0x3ef72e]
V  [jvm.dll+0x3ef99e]
V  [jvm.dll+0x3ef0f1]
V  [jvm.dll+0x3f0b2f]
V  [jvm.dll+0xbbbcb]
V  [jvm.dll+0xba22b]
V  [jvm.dll+0x24d962]
V  [jvm.dll+0x2a1cfc]
C  [ucrtbase.dll+0x210b2]
C  [KERNEL32.DLL+0x17c24]
C  [ntdll.dll+0x6d4d1]


Current CompileTask:
C1:   7323  526       3       sun.misc.ProxyGenerator$ConstantPool::getString (21 bytes)


---------------  P R O C E S S  ---------------

Java Threads: ( => current thread )
  0x0000013a49b00800 JavaThread "Keep-Alive-Timer" daemon [_thread_blocked, id=18852, stack(0x00000024fb400000,0x00000024fb500000)]
  0x0000013a49fa3000 JavaThread "GC Daemon" daemon [_thread_blocked, id=7820, stack(0x00000024fb300000,0x00000024fb400000)]
  0x0000013a49fa2800 JavaThread "RMI RenewClean-[192.168.0.11:49605]" daemon [_thread_blocked, id=22876, stack(0x00000024fb200000,0x00000024fb300000)]
  0x0000013a49b0c000 JavaThread "RMI Scheduler(0)" daemon [_thread_blocked, id=22092, stack(0x00000024fb100000,0x00000024fb200000)]
  0x0000013a483d9800 JavaThread "Service Thread" daemon [_thread_blocked, id=12168, stack(0x00000024faf00000,0x00000024fb000000)]
=>0x0000013a483d3800 JavaThread "C1 CompilerThread3" daemon [_thread_in_native, id=5836, stack(0x00000024fae00000,0x00000024faf00000)]
  0x0000013a483cd000 JavaThread "C2 CompilerThread2" daemon [_thread_in_native, id=22856, stack(0x00000024fad00000,0x00000024fae00000)]
  0x0000013a483ca000 JavaThread "C2 CompilerThread1" daemon [_thread_in_native, id=15624, stack(0x00000024fac00000,0x00000024fad00000)]
  0x0000013a4836d000 JavaThread "C2 CompilerThread0" daemon [_thread_in_native, id=8944, stack(0x00000024fab00000,0x00000024fac00000)]
  0x0000013a4836a000 JavaThread "Attach Listener" daemon [_thread_blocked, id=7300, stack(0x00000024faa00000,0x00000024fab00000)]
  0x0000013a48369000 JavaThread "Signal Dispatcher" daemon [_thread_blocked, id=15340, stack(0x00000024fa900000,0x00000024faa00000)]
  0x0000013a4834a800 JavaThread "Finalizer" daemon [_thread_blocked, id=22804, stack(0x00000024fa800000,0x00000024fa900000)]
  0x0000013a47755000 JavaThread "Reference Handler" daemon [_thread_blocked, id=22764, stack(0x00000024fa700000,0x00000024fa800000)]
  0x0000013a31844000 JavaThread "main" [_thread_in_vm, id=12104, stack(0x00000024f9d00000,0x00000024f9e00000)]

Other Threads:
  0x0000013a48323800 VMThread [stack: 0x00000024fa600000,0x00000024fa700000] [id=3576]
  0x0000013a483e3000 WatcherThread [stack: 0x00000024fb000000,0x00000024fb100000] [id=7620]

VM state:not at safepoint (normal execution)

VM Mutex/Monitor currently owned by a thread: None

heap address: 0x0000000082e00000, size: 2002 MB, Compressed Oops mode: 32-bit
Narrow klass base: 0x0000000000000000, Narrow klass shift: 3
Compressed class space size: 1073741824 Address: 0x0000000100000000

Heap:
 PSYoungGen      total 37888K, used 5243K [0x00000000d6500000, 0x00000000d8f00000, 0x0000000100000000)
  eden space 32768K, 16% used [0x00000000d6500000,0x00000000d6a1edd0,0x00000000d8500000)
  from space 5120K, 0% used [0x00000000d8500000,0x00000000d8500000,0x00000000d8a00000)
  to   space 5120K, 0% used [0x00000000d8a00000,0x00000000d8a00000,0x00000000d8f00000)
 ParOldGen       total 86016K, used 869K [0x0000000082e00000, 0x0000000088200000, 0x00000000d6500000)
  object space 86016K, 1% used [0x0000000082e00000,0x0000000082ed9758,0x0000000088200000)
 Metaspace       used 9995K, capacity 10212K, committed 10368K, reserved 1058816K
  class space    used 1255K, capacity 1356K, committed 1408K, reserved 1048576K

Card table byte_map: [0x0000013a42550000,0x0000013a42940000] byte_map_base: 0x0000013a42139000

Marking Bits: (ParMarkBitMap*) 0x000000006afc4fb0
 Begin Bits: [0x0000013a42be0000, 0x0000013a44b28000)
 End Bits:   [0x0000013a44b28000, 0x0000013a46a70000)

Polling page: 0x0000013a31950000

CodeCache: size=245760Kb used=2185Kb max_used=2191Kb free=243574Kb
 bounds [0x0000013a33190000, 0x0000013a33400000, 0x0000013a42190000]
 total_blobs=855 nmethods=521 adapters=247
 compilation: enabled

Compilation events (10 events):
Event: 7.261 Thread 0x0000013a483d3800  519       3       sun.reflect.ConstantPool::getUTF8At (10 bytes)
Event: 7.261 Thread 0x0000013a483d3800 nmethod 519 0x0000013a333b1190 code [0x0000013a333b1300, 0x0000013a333b1490]
Event: 7.261 Thread 0x0000013a4836d000 nmethod 517 0x0000013a333b0a50 code [0x0000013a333b0ba0, 0x0000013a333b0c78]
Event: 7.262 Thread 0x0000013a483d3800  521       3       java.lang.Class::arrayContentsEq (70 bytes)
Event: 7.263 Thread 0x0000013a483d3800 nmethod 521 0x0000013a333b0310 code [0x0000013a333b04a0, 0x0000013a333b08d8]
Event: 7.263 Thread 0x0000013a483ca000  522       4       sun.misc.ProxyGenerator$ConstantPool::getValue (91 bytes)
Event: 7.263 Thread 0x0000013a4836d000  523       4       sun.misc.ProxyGenerator$ConstantPool::getUtf8 (18 bytes)
Event: 7.265 Thread 0x0000013a483d3800  525       3       java.lang.reflect.Method::equals (69 bytes)
Event: 7.266 Thread 0x0000013a483d3800 nmethod 525 0x0000013a333b4d50 code [0x0000013a333b4ee0, 0x0000013a333b5850]
Event: 7.266 Thread 0x0000013a483d3800  526       3       sun.misc.ProxyGenerator$ConstantPool::getString (21 bytes)

GC Heap History (4 events):
Event: 2.070 GC heap before
{Heap before GC invocations=1 (full 0):
 PSYoungGen      total 37888K, used 3932K [0x00000000d6500000, 0x00000000d8f00000, 0x0000000100000000)
  eden space 32768K, 12% used [0x00000000d6500000,0x00000000d68d70c8,0x00000000d8500000)
  from space 5120K, 0% used [0x00000000d8a00000,0x00000000d8a00000,0x00000000d8f00000)
  to   space 5120K, 0% used [0x00000000d8500000,0x00000000d8500000,0x00000000d8a00000)
 ParOldGen       total 86016K, used 0K [0x0000000082e00000, 0x0000000088200000, 0x00000000d6500000)
  object space 86016K, 0% used [0x0000000082e00000,0x0000000082e00000,0x0000000088200000)
 Metaspace       used 6118K, capacity 6290K, committed 6528K, reserved 1056768K
  class space    used 727K, capacity 797K, committed 896K, reserved 1048576K
Event: 2.081 GC heap after
Heap after GC invocations=1 (full 0):
 PSYoungGen      total 37888K, used 992K [0x00000000d6500000, 0x00000000d8f00000, 0x0000000100000000)
  eden space 32768K, 0% used [0x00000000d6500000,0x00000000d6500000,0x00000000d8500000)
  from space 5120K, 19% used [0x00000000d8500000,0x00000000d85f8000,0x00000000d8a00000)
  to   space 5120K, 0% used [0x00000000d8a00000,0x00000000d8a00000,0x00000000d8f00000)
 ParOldGen       total 86016K, used 8K [0x0000000082e00000, 0x0000000088200000, 0x00000000d6500000)
  object space 86016K, 0% used [0x0000000082e00000,0x0000000082e02000,0x0000000088200000)
 Metaspace       used 6118K, capacity 6290K, committed 6528K, reserved 1056768K
  class space    used 727K, capacity 797K, committed 896K, reserved 1048576K
}
Event: 2.081 GC heap before
{Heap before GC invocations=2 (full 1):
 PSYoungGen      total 37888K, used 992K [0x00000000d6500000, 0x00000000d8f00000, 0x0000000100000000)
  eden space 32768K, 0% used [0x00000000d6500000,0x00000000d6500000,0x00000000d8500000)
  from space 5120K, 19% used [0x00000000d8500000,0x00000000d85f8000,0x00000000d8a00000)
  to   space 5120K, 0% used [0x00000000d8a00000,0x00000000d8a00000,0x00000000d8f00000)
 ParOldGen       total 86016K, used 8K [0x0000000082e00000, 0x0000000088200000, 0x00000000d6500000)
  object space 86016K, 0% used [0x0000000082e00000,0x0000000082e02000,0x0000000088200000)
 Metaspace       used 6118K, capacity 6290K, committed 6528K, reserved 1056768K
  class space    used 727K, capacity 797K, committed 896K, reserved 1048576K
Event: 2.111 GC heap after
Heap after GC invocations=2 (full 1):
 PSYoungGen      total 37888K, used 0K [0x00000000d6500000, 0x00000000d8f00000, 0x0000000100000000)
  eden space 32768K, 0% used [0x00000000d6500000,0x00000000d6500000,0x00000000d8500000)
  from space 5120K, 0% used [0x00000000d8500000,0x00000000d8500000,0x00000000d8a00000)
  to   space 5120K, 0% used [0x00000000d8a00000,0x00000000d8a00000,0x00000000d8f00000)
 ParOldGen       total 86016K, used 869K [0x0000000082e00000, 0x0000000088200000, 0x00000000d6500000)
  object space 86016K, 1% used [0x0000000082e00000,0x0000000082ed9758,0x0000000088200000)
 Metaspace       used 6118K, capacity 6290K, committed 6528K, reserved 1056768K
  class space    used 727K, capacity 797K, committed 896K, reserved 1048576K
}

Deoptimization events (1 events):
Event: 7.256 Thread 0x0000013a31844000 Uncommon trap: reason=range_check action=make_not_entrant pc=0x0000013a333aff20 method=sun.reflect.generics.parser.SignatureParser.current()C @ 34

Classes redefined (0 events):
No events

Internal exceptions (10 events):
Event: 2.126 Thread 0x0000013a31844000 Exception <a 'java/lang/NoSuchMethodError': <clinit>> (0x00000000d651e680) thrown at [C:\jenkins\workspace\8-2-build-windows-amd64-cygwin\jdk8u261\295\hotspot\src\share\vm\prims\jni.cpp, line 1615]
Event: 2.156 Thread 0x0000013a49fa2800 Exception <a 'java/lang/InterruptedException'> (0x00000000d6647b00) thrown at [C:\jenkins\workspace\8-2-build-windows-amd64-cygwin\jdk8u261\295\hotspot\src\share\vm\runtime\objectMonitor.cpp, line 1684]
Event: 6.598 Thread 0x0000013a31844000 Exception <a 'java/lang/ClassNotFoundException': com/sun/org/glassfish/hk2/osgiresourcelocator/ServiceLoader> (0x00000000d653e4e8) thrown at [C:\jenkins\workspace\8-2-build-windows-amd64-cygwin\jdk8u261\295\hotspot\src\share\vm\classfile\systemDictionary.
Event: 6.620 Thread 0x0000013a31844000 Exception <a 'java/io/FileNotFoundException'> (0x00000000d65520c0) thrown at [C:\jenkins\workspace\8-2-build-windows-amd64-cygwin\jdk8u261\295\hotspot\src\share\vm\prims\jni.cpp, line 710]
Event: 7.052 Thread 0x0000013a31844000 Exception <a 'java/lang/ArrayIndexOutOfBoundsException'> (0x00000000d68dadf8) thrown at [C:\jenkins\workspace\8-2-build-windows-amd64-cygwin\jdk8u261\295\hotspot\src\share\vm\runtime\sharedRuntime.cpp, line 605]
Event: 7.053 Thread 0x0000013a31844000 Exception <a 'java/lang/ArrayIndexOutOfBoundsException'> (0x00000000d68dbaa0) thrown at [C:\jenkins\workspace\8-2-build-windows-amd64-cygwin\jdk8u261\295\hotspot\src\share\vm\runtime\sharedRuntime.cpp, line 605]
Event: 7.053 Thread 0x0000013a31844000 Exception <a 'java/lang/ArrayIndexOutOfBoundsException'> (0x00000000d68dcb18) thrown at [C:\jenkins\workspace\8-2-build-windows-amd64-cygwin\jdk8u261\295\hotspot\src\share\vm\runtime\sharedRuntime.cpp, line 605]
Event: 7.067 Thread 0x0000013a31844000 Exception <a 'java/lang/NullPointerException'> (0x00000000d68f9598) thrown at [C:\jenkins\workspace\8-2-build-windows-amd64-cygwin\jdk8u261\295\hotspot\src\share\vm\interpreter\linkResolver.cpp, line 1287]
Event: 7.256 Thread 0x0000013a31844000 Exception <a 'java/lang/ArrayIndexOutOfBoundsException': 76> (0x00000000d693e838) thrown at [C:\jenkins\workspace\8-2-build-windows-amd64-cygwin\jdk8u261\295\hotspot\src\share\vm\interpreter\interpreterRuntime.cpp, line 368]
Event: 7.256 Thread 0x0000013a31844000 Exception <a 'java/lang/ArrayIndexOutOfBoundsException': 62> (0x00000000d693f950) thrown at [C:\jenkins\workspace\8-2-build-windows-amd64-cygwin\jdk8u261\295\hotspot\src\share\vm\interpreter\interpreterRuntime.cpp, line 368]

Events (10 events):
Event: 7.256 loading class javax/xml/bind/annotation/adapters/XmlJavaTypeAdapter
Event: 7.257 loading class javax/xml/bind/annotation/adapters/XmlJavaTypeAdapter done
Event: 7.257 loading class javax/xml/bind/annotation/XmlAttachmentRef
Event: 7.257 loading class javax/xml/bind/annotation/XmlAttachmentRef done
Event: 7.257 loading class javax/xml/bind/annotation/XmlAccessorType
Event: 7.257 loading class javax/xml/bind/annotation/XmlAccessorType done
Event: 7.257 loading class javax/xml/bind/annotation/XmlAccessType
Event: 7.257 loading class javax/xml/bind/annotation/XmlAccessType done
Event: 7.264 loading class javax/xml/bind/annotation/XmlType$DEFAULT
Event: 7.264 loading class javax/xml/bind/annotation/XmlType$DEFAULT done


Dynamic libraries:
0x00007ff7b39c0000 - 0x00007ff7b3a07000 	C:\Program Files\Java\jre1.8.0_261\bin\java.exe
0x00007ffd49740000 - 0x00007ffd49930000 	C:\WINDOWS\SYSTEM32\ntdll.dll
0x00007ffd49010000 - 0x00007ffd490c2000 	C:\WINDOWS\System32\KERNEL32.DLL
0x00007ffd47430000 - 0x00007ffd476d5000 	C:\WINDOWS\System32\KERNELBASE.dll
0x00007ffd478f0000 - 0x00007ffd47993000 	C:\WINDOWS\System32\ADVAPI32.dll
0x00007ffd47850000 - 0x00007ffd478ee000 	C:\WINDOWS\System32\msvcrt.dll
0x00007ffd49130000 - 0x00007ffd491c7000 	C:\WINDOWS\System32\sechost.dll
0x00007ffd47c30000 - 0x00007ffd47d50000 	C:\WINDOWS\System32\RPCRT4.dll
0x00007ffd479a0000 - 0x00007ffd47b34000 	C:\WINDOWS\System32\USER32.dll
0x00007ffd466b0000 - 0x00007ffd466d1000 	C:\WINDOWS\System32\win32u.dll
0x00007ffd477f0000 - 0x00007ffd47816000 	C:\WINDOWS\System32\GDI32.dll
0x00007ffd47290000 - 0x00007ffd47426000 	C:\WINDOWS\System32\gdi32full.dll
0x00007ffd471f0000 - 0x00007ffd4728e000 	C:\WINDOWS\System32\msvcp_win.dll
0x00007ffd46880000 - 0x00007ffd4697a000 	C:\WINDOWS\System32\ucrtbase.dll
0x00007ffd363c0000 - 0x00007ffd36644000 	C:\WINDOWS\WinSxS\amd64_microsoft.windows.common-controls_6595b64144ccf1df_6.0.18362.1256_none_9e7e379be45e40e2\COMCTL32.dll
0x00007ffd48890000 - 0x00007ffd48bc6000 	C:\WINDOWS\System32\combase.dll
0x00007ffd47760000 - 0x00007ffd477e1000 	C:\WINDOWS\System32\bcryptPrimitives.dll
0x00007ffd47820000 - 0x00007ffd4784e000 	C:\WINDOWS\System32\IMM32.DLL
0x00007ffd3ec90000 - 0x00007ffd3eca5000 	C:\Program Files\Java\jre1.8.0_261\bin\vcruntime140.dll
0x00007ffd27380000 - 0x00007ffd2741b000 	C:\Program Files\Java\jre1.8.0_261\bin\msvcp140.dll
0x000000006a7d0000 - 0x000000006b03c000 	C:\Program Files\Java\jre1.8.0_261\bin\server\jvm.dll
0x00007ffd49640000 - 0x00007ffd49648000 	C:\WINDOWS\System32\PSAPI.DLL
0x00007ffd2ad30000 - 0x00007ffd2ad39000 	C:\WINDOWS\SYSTEM32\WSOCK32.dll
0x00007ffd48fa0000 - 0x00007ffd4900f000 	C:\WINDOWS\System32\WS2_32.dll
0x00007ffd3f9e0000 - 0x00007ffd3fa04000 	C:\WINDOWS\SYSTEM32\WINMM.dll
0x00007ffd368f0000 - 0x00007ffd368fa000 	C:\WINDOWS\SYSTEM32\VERSION.dll
0x00007ffd3f3f0000 - 0x00007ffd3f41d000 	C:\WINDOWS\SYSTEM32\WINMMBASE.dll
0x00007ffd466e0000 - 0x00007ffd4672a000 	C:\WINDOWS\System32\cfgmgr32.dll
0x00007ffd46690000 - 0x00007ffd466a1000 	C:\WINDOWS\System32\kernel.appcore.dll
0x00007ffd3ec80000 - 0x00007ffd3ec90000 	C:\Program Files\Java\jre1.8.0_261\bin\verify.dll
0x00007ffd35d90000 - 0x00007ffd35dbb000 	C:\Program Files\Java\jre1.8.0_261\bin\java.dll
0x00007ffd35d70000 - 0x00007ffd35d88000 	C:\Program Files\Java\jre1.8.0_261\bin\zip.dll
0x00007ffd480d0000 - 0x00007ffd487b7000 	C:\WINDOWS\System32\SHELL32.dll
0x00007ffd49650000 - 0x00007ffd496f9000 	C:\WINDOWS\System32\shcore.dll
0x00007ffd46a60000 - 0x00007ffd471e1000 	C:\WINDOWS\System32\windows.storage.dll
0x00007ffd46660000 - 0x00007ffd46683000 	C:\WINDOWS\System32\profapi.dll
0x00007ffd46610000 - 0x00007ffd4665a000 	C:\WINDOWS\System32\powrprof.dll
0x00007ffd465e0000 - 0x00007ffd465f0000 	C:\WINDOWS\System32\UMPDC.dll
0x00007ffd490d0000 - 0x00007ffd49122000 	C:\WINDOWS\System32\shlwapi.dll
0x00007ffd476e0000 - 0x00007ffd476f7000 	C:\WINDOWS\System32\cryptsp.dll
0x00007ffd459a0000 - 0x00007ffd459d3000 	C:\WINDOWS\system32\rsaenh.dll
0x00007ffd46980000 - 0x00007ffd469a6000 	C:\WINDOWS\System32\bcrypt.dll
0x00007ffd46500000 - 0x00007ffd46525000 	C:\WINDOWS\SYSTEM32\USERENV.dll
0x00007ffd46000000 - 0x00007ffd4600c000 	C:\WINDOWS\SYSTEM32\CRYPTBASE.dll
0x00007ffd2fb20000 - 0x00007ffd2fb3c000 	C:\Program Files\Java\jre1.8.0_261\bin\net.dll
0x00007ffd45e30000 - 0x00007ffd45e97000 	C:\WINDOWS\system32\mswsock.dll
0x00007ffd45b40000 - 0x00007ffd45b7a000 	C:\WINDOWS\SYSTEM32\IPHLPAPI.DLL
0x00007ffd48d40000 - 0x00007ffd48d48000 	C:\WINDOWS\System32\NSI.dll
0x00007ffd3ca70000 - 0x00007ffd3ca86000 	C:\WINDOWS\SYSTEM32\dhcpcsvc6.DLL
0x00007ffd3cab0000 - 0x00007ffd3cacc000 	C:\WINDOWS\SYSTEM32\dhcpcsvc.DLL
0x00007ffd45b80000 - 0x00007ffd45c4b000 	C:\WINDOWS\SYSTEM32\DNSAPI.dll
0x00007ffd2fb00000 - 0x00007ffd2fb13000 	C:\Program Files\Java\jre1.8.0_261\bin\nio.dll
0x00007ffd0ef30000 - 0x00007ffd0ef46000 	C:\WINDOWS\system32\napinsp.dll
0x00007ffd0db50000 - 0x00007ffd0db6a000 	C:\WINDOWS\system32\pnrpnsp.dll
0x00007ffd29c70000 - 0x00007ffd29c7e000 	C:\WINDOWS\System32\winrnr.dll
0x00007ffd40ce0000 - 0x00007ffd40cfc000 	C:\WINDOWS\system32\NLAapi.dll
0x00007ffd2c250000 - 0x00007ffd2c265000 	C:\WINDOWS\system32\wshbth.dll
0x000000006c190000 - 0x000000006c1b6000 	C:\Program Files\Bonjour\mdnsNSP.dll
0x00007ffd36220000 - 0x00007ffd3622a000 	C:\Windows\System32\rasadhlp.dll
0x00007ffd3a540000 - 0x00007ffd3a5b7000 	C:\WINDOWS\System32\fwpuclnt.dll
0x00007ffd446c0000 - 0x00007ffd448b4000 	C:\WINDOWS\SYSTEM32\dbghelp.dll

VM Arguments:
jvm_args: -Djava.rmi.server.codebase=file:C:\Users\aalex\Documents\SCEProyFin\SCE_ProyectoFinal\Estresamiento\RMI\WSEnvio\tstRMI_WSEnvio.jar 
java_command: C:\Users\aalex\Documents\SCEProyFin\SCE_ProyectoFinal\Estresamiento\RMI\WSEnvio\tstRMI_WSEnvio.jar Cliente localhost 1
java_class_path (initial): C:\Users\aalex\Documents\SCEProyFin\SCE_ProyectoFinal\Estresamiento\RMI\WSEnvio\tstRMI_WSEnvio.jar
Launcher Type: SUN_STANDARD

Environment Variables:
JAVA_HOME=C:\Program Files\Java\jdk1.8.0_151
CLASSPATH=.;C:\Program Files\Java\jre1.8.0_261;
PATH=C:\Program Files\Java\jre1.8.0_261\bin;C:\Python38\Scripts\;C:\Python38\;C:\Program Files (x86)\Common Files\Oracle\Java\javapath;C:\WINDOWS\system32;C:\WINDOWS;C:\WINDOWS\System32\Wbem;C:\WINDOWS\System32\WindowsPowerShell\v1.0\;C:\WINDOWS\System32\OpenSSH\;C:\Program Files\Git\cmd;C:\Program Files\MATLAB\R2019b\bin;C:\Program Files\PuTTY\;C:\ProgramData\chocolatey\bin;C:\Program Files\nodejs\;C:\Users\aalex\AppData\Local\Microsoft\WindowsApps;C:\Users\aalex\AppData\Local\Programs\Microsoft VS Code\bin;C:\Users\aalex\AppData\Roaming\npm;C:\Users\aalex\AppData\Local\atom\bin
USERNAME=aalex
OS=Windows_NT
PROCESSOR_IDENTIFIER=Intel64 Family 6 Model 142 Stepping 12, GenuineIntel



---------------  S Y S T E M  ---------------

OS: Windows 10.0 , 64 bit Build 18362 (10.0.18362.1110)

CPU:total 8 (initial active 8) (4 cores per cpu, 2 threads per core) family 6 model 142 stepping 12, cmov, cx8, fxsr, mmx, sse, sse2, sse3, ssse3, sse4.1, sse4.2, popcnt, avx, avx2, aes, clmul, erms, 3dnowpref, lzcnt, ht, tsc, tscinvbit, bmi1, bmi2, adx

Memory: 4k page, physical 8197876k(656136k free), swap 23663728k(23368k free)

vm_info: Java HotSpot(TM) 64-Bit Server VM (25.261-b12) for windows-amd64 JRE (1.8.0_261-b12), built on Jun 18 2020 06:56:32 by "" with unknown MS VC++:1916

time: Tue Dec 15 17:02:30 2020
timezone: Central Standard Time (Mexico)
elapsed time: 7 seconds (0d 0h 0m 7s)

