#
# There is insufficient memory for the Java Runtime Environment to continue.
# Native memory allocation (malloc) failed to allocate 32744 bytes for ChunkPool::allocate
# Possible reasons:
#   The system is out of physical RAM or swap space
#   The process is running with CompressedOops enabled, and the Java Heap may be blocking the growth of the native heap
# Possible solutions:
#   Reduce memory load on the system
#   Increase physical memory or swap space
#   Check if swap backing store is full
#   Decrease Java heap size (-Xmx/-Xms)
#   Decrease number of Java threads
#   Set larger code cache with -XX:ReservedCodeCacheSize=
#   JVM is running with Unscaled Compressed Oops mode in which the Java heap is
#     placed in the first 4GB address space. The Java Heap base address is the
#     maximum limit for the native heap growth. Please use -XX:HeapBaseMinAddress
#     to set the Java Heap base and to place the Java Heap above 4GB virtual address.
# This output file may be truncated or incomplete.
#
#  Out of Memory Error (allocation.cpp:272), pid=5624, tid=0x0000000000000bec
#
# JRE version: Java(TM) SE Runtime Environment (8.0_261-b12) (build 1.8.0_261-b12)
# Java VM: Java HotSpot(TM) 64-Bit Server VM (25.261-b12 mixed mode windows-amd64 compressed oops)
# Failed to write core dump. Minidumps are not enabled by default on client versions of Windows
#

---------------  T H R E A D  ---------------

Current thread (0x0000012fc352a800):  JavaThread "C2 CompilerThread1" daemon [_thread_in_native, id=3052, stack(0x0000001251a00000,0x0000001251b00000)]

Stack: [0x0000001251a00000,0x0000001251b00000]
Native frames: (J=compiled Java code, j=interpreted, Vv=VM code, C=native code)
V  [jvm.dll+0x33e5f9]
V  [jvm.dll+0x2850e2]
V  [jvm.dll+0x285d8d]
V  [jvm.dll+0x27c895]
V  [jvm.dll+0xe520d]
V  [jvm.dll+0xe556c]
V  [jvm.dll+0xa9200]
V  [jvm.dll+0x44fea0]
V  [jvm.dll+0x44e3ec]
V  [jvm.dll+0x439bc7]
V  [jvm.dll+0xbbbcb]
V  [jvm.dll+0xba22b]
V  [jvm.dll+0x24d962]
V  [jvm.dll+0x2a1cfc]
C  [ucrtbase.dll+0x210b2]
C  [KERNEL32.DLL+0x17c24]
C  [ntdll.dll+0x6d4d1]


Current CompileTask:
C2:   1614  157       4       java.lang.String::indexOf (70 bytes)


---------------  P R O C E S S  ---------------

Java Threads: ( => current thread )
  0x0000012fc48b8800 JavaThread "Service Thread" daemon [_thread_blocked, id=22068, stack(0x0000001251d00000,0x0000001251e00000)]
  0x0000012fc353e800 JavaThread "C1 CompilerThread3" daemon [_thread_in_native, id=14956, stack(0x0000001251c00000,0x0000001251d00000)]
  0x0000012fc3532800 JavaThread "C2 CompilerThread2" daemon [_thread_blocked, id=21908, stack(0x0000001251b00000,0x0000001251c00000)]
=>0x0000012fc352a800 JavaThread "C2 CompilerThread1" daemon [_thread_in_native, id=3052, stack(0x0000001251a00000,0x0000001251b00000)]
  0x0000012fc34db000 JavaThread "C2 CompilerThread0" daemon [_thread_blocked, id=19304, stack(0x0000001251900000,0x0000001251a00000)]
  0x0000012fc34d8000 JavaThread "Attach Listener" daemon [_thread_blocked, id=10776, stack(0x0000001251800000,0x0000001251900000)]
  0x0000012fc34d7000 JavaThread "Signal Dispatcher" daemon [_thread_blocked, id=16344, stack(0x0000001251700000,0x0000001251800000)]
  0x0000012fc34b9800 JavaThread "Finalizer" daemon [_thread_blocked, id=9840, stack(0x0000001251600000,0x0000001251700000)]
  0x0000012fc28c6000 JavaThread "Reference Handler" daemon [_thread_blocked, id=13800, stack(0x0000001251500000,0x0000001251600000)]
  0x0000012fac904000 JavaThread "main" [_thread_in_vm, id=17736, stack(0x0000001250b00000,0x0000001250c00000)]

Other Threads:
  0x0000012fc3493800 VMThread [stack: 0x0000001251400000,0x0000001251500000] [id=16880]
  0x0000012fc356d000 WatcherThread [stack: 0x0000001251e00000,0x0000001251f00000] [id=10308]

VM state:not at safepoint (normal execution)

VM Mutex/Monitor currently owned by a thread: None

heap address: 0x0000000082e00000, size: 2002 MB, Compressed Oops mode: 32-bit
Narrow klass base: 0x0000000000000000, Narrow klass shift: 3
Compressed class space size: 1073741824 Address: 0x0000000100000000

Heap:
 PSYoungGen      total 37888K, used 3276K [0x00000000d6500000, 0x00000000d8f00000, 0x0000000100000000)
  eden space 32768K, 10% used [0x00000000d6500000,0x00000000d6833358,0x00000000d8500000)
  from space 5120K, 0% used [0x00000000d8a00000,0x00000000d8a00000,0x00000000d8f00000)
  to   space 5120K, 0% used [0x00000000d8500000,0x00000000d8500000,0x00000000d8a00000)
 ParOldGen       total 86016K, used 0K [0x0000000082e00000, 0x0000000088200000, 0x00000000d6500000)
  object space 86016K, 0% used [0x0000000082e00000,0x0000000082e00000,0x0000000088200000)
 Metaspace       used 5426K, capacity 5544K, committed 5888K, reserved 1056768K
  class space    used 626K, capacity 665K, committed 768K, reserved 1048576K

Card table byte_map: [0x0000012fbd690000,0x0000012fbda80000] byte_map_base: 0x0000012fbd279000

Marking Bits: (ParMarkBitMap*) 0x000000006afc4fb0
 Begin Bits: [0x0000012fbdd20000, 0x0000012fbfc68000)
 End Bits:   [0x0000012fbfc68000, 0x0000012fc1bb0000)

Polling page: 0x0000012fae2a0000

CodeCache: size=245760Kb used=1457Kb max_used=1457Kb free=244302Kb
 bounds [0x0000012fae2d0000, 0x0000012fae540000, 0x0000012fbd2d0000]
 total_blobs=522 nmethods=220 adapters=215
 compilation: enabled

Compilation events (10 events):
Event: 1.512 Thread 0x0000012fc353e800  150       3       java.util.concurrent.ConcurrentHashMap::casTabAt (20 bytes)
Event: 1.512 Thread 0x0000012fc353e800 nmethod 150 0x0000012fae4204d0 code [0x0000012fae420620, 0x0000012fae420798]
Event: 1.513 Thread 0x0000012fc353e800  151       3       java.lang.String::replace (127 bytes)
Event: 1.513 Thread 0x0000012fc353e800 nmethod 151 0x0000012fae420810 code [0x0000012fae4209c0, 0x0000012fae421078]
Event: 1.513 Thread 0x0000012fc353e800  152       3       java.util.Objects::requireNonNull (14 bytes)
Event: 1.513 Thread 0x0000012fc353e800 nmethod 152 0x0000012fae421410 code [0x0000012fae421580, 0x0000012fae4217b0]
Event: 1.513 Thread 0x0000012fc353e800  153       3       java.util.concurrent.ConcurrentHashMap$Node::<init> (26 bytes)
Event: 1.513 Thread 0x0000012fc353e800 nmethod 153 0x0000012fae421890 code [0x0000012fae4219e0, 0x0000012fae421bd8]
Event: 1.513 Thread 0x0000012fc353e800  154   !   3       java.util.concurrent.ConcurrentHashMap::putVal (362 bytes)
Event: 1.515 Thread 0x0000012fc352a800  157       4       java.lang.String::indexOf (70 bytes)

GC Heap History (0 events):
No events

Deoptimization events (0 events):
No events

Classes redefined (0 events):
No events

Internal exceptions (2 events):
Event: 0.090 Thread 0x0000012fac904000 Exception <a 'java/lang/NoSuchMethodError': Method sun.misc.Unsafe.defineClass(Ljava/lang/String;[BII)Ljava/lang/Class; name or signature does not match> (0x00000000d6507cc0) thrown at [C:\jenkins\workspace\8-2-build-windows-amd64-cygwin\jdk8u261\295\hots
Event: 0.091 Thread 0x0000012fac904000 Exception <a 'java/lang/NoSuchMethodError': Method sun.misc.Unsafe.prefetchRead(Ljava/lang/Object;J)V name or signature does not match> (0x00000000d6507fa8) thrown at [C:\jenkins\workspace\8-2-build-windows-amd64-cygwin\jdk8u261\295\hotspot\src\share\vm\p

Events (10 events):
Event: 1.506 loading class java/lang/invoke/DirectMethodHandle$Accessor
Event: 1.506 loading class java/lang/invoke/DirectMethodHandle$Accessor done
Event: 1.511 loading class java/util/RandomAccessSubList
Event: 1.511 loading class java/util/SubList
Event: 1.511 loading class java/util/SubList done
Event: 1.511 loading class java/util/RandomAccessSubList done
Event: 1.512 loading class java/util/SubList$1
Event: 1.512 loading class java/util/SubList$1 done
Event: 1.512 loading class java/util/AbstractList$ListItr
Event: 1.512 loading class java/util/AbstractList$ListItr done


Dynamic libraries:
0x00007ff7b39c0000 - 0x00007ff7b3a07000 	C:\Program Files\Java\jre1.8.0_261\bin\java.exe
0x00007ffd49740000 - 0x00007ffd49930000 	C:\WINDOWS\SYSTEM32\ntdll.dll
0x00007ffd49010000 - 0x00007ffd490c2000 	C:\WINDOWS\System32\KERNEL32.DLL
0x00007ffd47430000 - 0x00007ffd476d5000 	C:\WINDOWS\System32\KERNELBASE.dll
0x00007ffd478f0000 - 0x00007ffd47993000 	C:\WINDOWS\System32\ADVAPI32.dll
0x00007ffd47850000 - 0x00007ffd478ee000 	C:\WINDOWS\System32\msvcrt.dll
0x00007ffd49130000 - 0x00007ffd491c7000 	C:\WINDOWS\System32\sechost.dll
0x00007ffd47c30000 - 0x00007ffd47d50000 	C:\WINDOWS\System32\RPCRT4.dll
0x00007ffd479a0000 - 0x00007ffd47b34000 	C:\WINDOWS\System32\USER32.dll
0x00007ffd466b0000 - 0x00007ffd466d1000 	C:\WINDOWS\System32\win32u.dll
0x00007ffd477f0000 - 0x00007ffd47816000 	C:\WINDOWS\System32\GDI32.dll
0x00007ffd47290000 - 0x00007ffd47426000 	C:\WINDOWS\System32\gdi32full.dll
0x00007ffd471f0000 - 0x00007ffd4728e000 	C:\WINDOWS\System32\msvcp_win.dll
0x00007ffd46880000 - 0x00007ffd4697a000 	C:\WINDOWS\System32\ucrtbase.dll
0x00007ffd363c0000 - 0x00007ffd36644000 	C:\WINDOWS\WinSxS\amd64_microsoft.windows.common-controls_6595b64144ccf1df_6.0.18362.1256_none_9e7e379be45e40e2\COMCTL32.dll
0x00007ffd48890000 - 0x00007ffd48bc6000 	C:\WINDOWS\System32\combase.dll
0x00007ffd47760000 - 0x00007ffd477e1000 	C:\WINDOWS\System32\bcryptPrimitives.dll
0x00007ffd47820000 - 0x00007ffd4784e000 	C:\WINDOWS\System32\IMM32.DLL
0x00007ffd3ec90000 - 0x00007ffd3eca5000 	C:\Program Files\Java\jre1.8.0_261\bin\vcruntime140.dll
0x00007ffd27380000 - 0x00007ffd2741b000 	C:\Program Files\Java\jre1.8.0_261\bin\msvcp140.dll
0x000000006a7d0000 - 0x000000006b03c000 	C:\Program Files\Java\jre1.8.0_261\bin\server\jvm.dll
0x00007ffd49640000 - 0x00007ffd49648000 	C:\WINDOWS\System32\PSAPI.DLL
0x00007ffd2ad30000 - 0x00007ffd2ad39000 	C:\WINDOWS\SYSTEM32\WSOCK32.dll
0x00007ffd48fa0000 - 0x00007ffd4900f000 	C:\WINDOWS\System32\WS2_32.dll
0x00007ffd3f9e0000 - 0x00007ffd3fa04000 	C:\WINDOWS\SYSTEM32\WINMM.dll
0x00007ffd368f0000 - 0x00007ffd368fa000 	C:\WINDOWS\SYSTEM32\VERSION.dll
0x00007ffd3f3f0000 - 0x00007ffd3f41d000 	C:\WINDOWS\SYSTEM32\WINMMBASE.dll
0x00007ffd466e0000 - 0x00007ffd4672a000 	C:\WINDOWS\System32\cfgmgr32.dll
0x00007ffd46690000 - 0x00007ffd466a1000 	C:\WINDOWS\System32\kernel.appcore.dll
0x00007ffd3ec80000 - 0x00007ffd3ec90000 	C:\Program Files\Java\jre1.8.0_261\bin\verify.dll
0x00007ffd35d90000 - 0x00007ffd35dbb000 	C:\Program Files\Java\jre1.8.0_261\bin\java.dll
0x00007ffd35d70000 - 0x00007ffd35d88000 	C:\Program Files\Java\jre1.8.0_261\bin\zip.dll
0x00007ffd480d0000 - 0x00007ffd487b7000 	C:\WINDOWS\System32\SHELL32.dll
0x00007ffd49650000 - 0x00007ffd496f9000 	C:\WINDOWS\System32\shcore.dll
0x00007ffd46a60000 - 0x00007ffd471e1000 	C:\WINDOWS\System32\windows.storage.dll
0x00007ffd46660000 - 0x00007ffd46683000 	C:\WINDOWS\System32\profapi.dll
0x00007ffd46610000 - 0x00007ffd4665a000 	C:\WINDOWS\System32\powrprof.dll
0x00007ffd465e0000 - 0x00007ffd465f0000 	C:\WINDOWS\System32\UMPDC.dll
0x00007ffd490d0000 - 0x00007ffd49122000 	C:\WINDOWS\System32\shlwapi.dll
0x00007ffd476e0000 - 0x00007ffd476f7000 	C:\WINDOWS\System32\cryptsp.dll
0x00007ffd459a0000 - 0x00007ffd459d3000 	C:\WINDOWS\system32\rsaenh.dll
0x00007ffd46980000 - 0x00007ffd469a6000 	C:\WINDOWS\System32\bcrypt.dll
0x00007ffd46500000 - 0x00007ffd46525000 	C:\WINDOWS\SYSTEM32\USERENV.dll
0x00007ffd46000000 - 0x00007ffd4600c000 	C:\WINDOWS\SYSTEM32\CRYPTBASE.dll
0x00007ffd2fb20000 - 0x00007ffd2fb3c000 	C:\Program Files\Java\jre1.8.0_261\bin\net.dll
0x00007ffd45e30000 - 0x00007ffd45e97000 	C:\WINDOWS\system32\mswsock.dll
0x00007ffd45b40000 - 0x00007ffd45b7a000 	C:\WINDOWS\SYSTEM32\IPHLPAPI.DLL
0x00007ffd48d40000 - 0x00007ffd48d48000 	C:\WINDOWS\System32\NSI.dll
0x00007ffd3ca70000 - 0x00007ffd3ca86000 	C:\WINDOWS\SYSTEM32\dhcpcsvc6.DLL
0x00007ffd3cab0000 - 0x00007ffd3cacc000 	C:\WINDOWS\SYSTEM32\dhcpcsvc.DLL
0x00007ffd45b80000 - 0x00007ffd45c4b000 	C:\WINDOWS\SYSTEM32\DNSAPI.dll
0x00007ffd2fb00000 - 0x00007ffd2fb13000 	C:\Program Files\Java\jre1.8.0_261\bin\nio.dll
0x00007ffd0ef30000 - 0x00007ffd0ef46000 	C:\WINDOWS\system32\napinsp.dll
0x00007ffd0db50000 - 0x00007ffd0db6a000 	C:\WINDOWS\system32\pnrpnsp.dll
0x00007ffd29c70000 - 0x00007ffd29c7e000 	C:\WINDOWS\System32\winrnr.dll
0x00007ffd40ce0000 - 0x00007ffd40cfc000 	C:\WINDOWS\system32\NLAapi.dll
0x00007ffd2c250000 - 0x00007ffd2c265000 	C:\WINDOWS\system32\wshbth.dll
0x000000006c190000 - 0x000000006c1b6000 	C:\Program Files\Bonjour\mdnsNSP.dll
0x00007ffd36220000 - 0x00007ffd3622a000 	C:\Windows\System32\rasadhlp.dll
0x00007ffd3a540000 - 0x00007ffd3a5b7000 	C:\WINDOWS\System32\fwpuclnt.dll
0x00007ffd446c0000 - 0x00007ffd448b4000 	C:\WINDOWS\SYSTEM32\dbghelp.dll

VM Arguments:
jvm_args: -Djava.rmi.server.codebase=file:C:\Users\aalex\Documents\SCEProyFin\SCE_ProyectoFinal\Estresamiento\RMI\WSEnvio\tstRMI_WSEnvio.jar 
java_command: C:\Users\aalex\Documents\SCEProyFin\SCE_ProyectoFinal\Estresamiento\RMI\WSEnvio\tstRMI_WSEnvio.jar Cliente localhost 1
java_class_path (initial): C:\Users\aalex\Documents\SCEProyFin\SCE_ProyectoFinal\Estresamiento\RMI\WSEnvio\tstRMI_WSEnvio.jar
Launcher Type: SUN_STANDARD

Environment Variables:
JAVA_HOME=C:\Program Files\Java\jdk1.8.0_151
CLASSPATH=.;C:\Program Files\Java\jre1.8.0_261;
PATH=C:\Program Files\Java\jre1.8.0_261\bin;C:\Python38\Scripts\;C:\Python38\;C:\Program Files (x86)\Common Files\Oracle\Java\javapath;C:\WINDOWS\system32;C:\WINDOWS;C:\WINDOWS\System32\Wbem;C:\WINDOWS\System32\WindowsPowerShell\v1.0\;C:\WINDOWS\System32\OpenSSH\;C:\Program Files\Git\cmd;C:\Program Files\MATLAB\R2019b\bin;C:\Program Files\PuTTY\;C:\ProgramData\chocolatey\bin;C:\Program Files\nodejs\;C:\Users\aalex\AppData\Local\Microsoft\WindowsApps;C:\Users\aalex\AppData\Local\Programs\Microsoft VS Code\bin;C:\Users\aalex\AppData\Roaming\npm;C:\Users\aalex\AppData\Local\atom\bin
USERNAME=aalex
OS=Windows_NT
PROCESSOR_IDENTIFIER=Intel64 Family 6 Model 142 Stepping 12, GenuineIntel



---------------  S Y S T E M  ---------------

OS: Windows 10.0 , 64 bit Build 18362 (10.0.18362.1110)

CPU:total 8 (initial active 8) (4 cores per cpu, 2 threads per core) family 6 model 142 stepping 12, cmov, cx8, fxsr, mmx, sse, sse2, sse3, ssse3, sse4.1, sse4.2, popcnt, avx, avx2, aes, clmul, erms, 3dnowpref, lzcnt, ht, tsc, tscinvbit, bmi1, bmi2, adx

Memory: 4k page, physical 8197876k(464264k free), swap 23663728k(11944k free)

vm_info: Java HotSpot(TM) 64-Bit Server VM (25.261-b12) for windows-amd64 JRE (1.8.0_261-b12), built on Jun 18 2020 06:56:32 by "" with unknown MS VC++:1916

time: Tue Dec 15 17:02:26 2020
timezone: Central Standard Time (Mexico)
elapsed time: 1 seconds (0d 0h 0m 1s)

