#
# There is insufficient memory for the Java Runtime Environment to continue.
# Native memory allocation (malloc) failed to allocate 32744 bytes for ChunkPool::allocate
# Possible reasons:
#   The system is out of physical RAM or swap space
#   The process is running with CompressedOops enabled, and the Java Heap may be blocking the growth of the native heap
# Possible solutions:
#   Reduce memory load on the system
#   Increase physical memory or swap space
#   Check if swap backing store is full
#   Decrease Java heap size (-Xmx/-Xms)
#   Decrease number of Java threads
#   Decrease Java thread stack sizes (-Xss)
#   Set larger code cache with -XX:ReservedCodeCacheSize=
#   JVM is running with Unscaled Compressed Oops mode in which the Java heap is
#     placed in the first 4GB address space. The Java Heap base address is the
#     maximum limit for the native heap growth. Please use -XX:HeapBaseMinAddress
#     to set the Java Heap base and to place the Java Heap above 4GB virtual address.
# This output file may be truncated or incomplete.
#
#  Out of Memory Error (allocation.cpp:272), pid=15100, tid=0x0000000000004a1c
#
# JRE version: Java(TM) SE Runtime Environment (8.0_261-b12) (build 1.8.0_261-b12)
# Java VM: Java HotSpot(TM) 64-Bit Server VM (25.261-b12 mixed mode windows-amd64 compressed oops)
# Failed to write core dump. Minidumps are not enabled by default on client versions of Windows
#

---------------  T H R E A D  ---------------

Current thread (0x0000026958f05800):  JavaThread "C1 CompilerThread3" daemon [_thread_in_native, id=18972, stack(0x000000a68af00000,0x000000a68b000000)]

Stack: [0x000000a68af00000,0x000000a68b000000]
Native frames: (J=compiled Java code, j=interpreted, Vv=VM code, C=native code)
V  [jvm.dll+0x33e5f9]


Current CompileTask:
C1:    750   31       3       java.lang.String::toLowerCase (439 bytes)


---------------  P R O C E S S  ---------------

Java Threads: ( => current thread )
  0x0000026958f0a000 JavaThread "Service Thread" daemon [_thread_blocked, id=5464, stack(0x000000a68b000000,0x000000a68b100000)]
=>0x0000026958f05800 JavaThread "C1 CompilerThread3" daemon [_thread_in_native, id=18972, stack(0x000000a68af00000,0x000000a68b000000)]
  0x0000026958f03800 JavaThread "C2 CompilerThread2" daemon [_thread_blocked, id=17776, stack(0x000000a68ae00000,0x000000a68af00000)]
  0x0000026958ef7000 JavaThread "C2 CompilerThread1" daemon [_thread_blocked, id=18288, stack(0x000000a68ad00000,0x000000a68ae00000)]
  0x0000026958e9c800 JavaThread "C2 CompilerThread0" daemon [_thread_blocked, id=22156, stack(0x000000a68ac00000,0x000000a68ad00000)]
  0x0000026958e99800 JavaThread "Attach Listener" daemon [_thread_blocked, id=4036, stack(0x000000a68ab00000,0x000000a68ac00000)]
  0x0000026958e98800 JavaThread "Signal Dispatcher" daemon [_thread_blocked, id=7056, stack(0x000000a68aa00000,0x000000a68ab00000)]
  0x0000026958e7f800 JavaThread "Finalizer" daemon [_thread_blocked, id=14936, stack(0x000000a68a900000,0x000000a68aa00000)]
  0x0000026958e59800 JavaThread "Reference Handler" daemon [_thread_blocked, id=23124, stack(0x000000a68a800000,0x000000a68a900000)]
  0x0000026942274800 JavaThread "main" [_thread_in_native, id=11328, stack(0x000000a689e00000,0x000000a689f00000)]

Other Threads:
  0x0000026958e54800 VMThread [stack: 0x000000a68a700000,0x000000a68a800000] [id=22424]
  0x0000026958f1e000 WatcherThread [stack: 0x000000a68b100000,0x000000a68b200000] [id=18464]

VM state:not at safepoint (normal execution)

VM Mutex/Monitor currently owned by a thread: None

heap address: 0x0000000082e00000, size: 2002 MB, Compressed Oops mode: 32-bit
Narrow klass base: 0x0000000000000000, Narrow klass shift: 3
Compressed class space size: 1073741824 Address: 0x0000000100000000

Heap:
 PSYoungGen      total 37888K, used 1310K [0x00000000d6500000, 0x00000000d8f00000, 0x0000000100000000)
  eden space 32768K, 4% used [0x00000000d6500000,0x00000000d6647b08,0x00000000d8500000)
  from space 5120K, 0% used [0x00000000d8a00000,0x00000000d8a00000,0x00000000d8f00000)
  to   space 5120K, 0% used [0x00000000d8500000,0x00000000d8500000,0x00000000d8a00000)
 ParOldGen       total 86016K, used 0K [0x0000000082e00000, 0x0000000088200000, 0x00000000d6500000)
  object space 86016K, 0% used [0x0000000082e00000,0x0000000082e00000,0x0000000088200000)
 Metaspace       used 3057K, capacity 4494K, committed 4864K, reserved 1056768K
  class space    used 342K, capacity 386K, committed 512K, reserved 1048576K

Card table byte_map: [0x0000026953050000,0x0000026953440000] byte_map_base: 0x0000026952c39000

Marking Bits: (ParMarkBitMap*) 0x000000006afc4fb0
 Begin Bits: [0x00000269536e0000, 0x0000026955628000)
 End Bits:   [0x0000026955628000, 0x0000026957570000)

Polling page: 0x0000026943c60000

CodeCache: size=245760Kb used=1125Kb max_used=1125Kb free=244634Kb
 bounds [0x0000026943c90000, 0x0000026943f00000, 0x0000026952c90000]
 total_blobs=278 nmethods=30 adapters=162
 compilation: enabled

Compilation events (10 events):
Event: 0.282 Thread 0x0000026958f05800 nmethod 26 0x0000026943da8a50 code [0x0000026943da8ba0, 0x0000026943da8cd8]
Event: 0.338 Thread 0x0000026958f05800   27       3       sun.misc.ASCIICaseInsensitiveComparator::toLower (16 bytes)
Event: 0.339 Thread 0x0000026958f05800 nmethod 27 0x0000026943da83d0 code [0x0000026943da8540, 0x0000026943da8798]
Event: 0.339 Thread 0x0000026958f05800   28       3       sun.misc.ASCIICaseInsensitiveComparator::isUpper (18 bytes)
Event: 0.339 Thread 0x0000026958f05800 nmethod 28 0x0000026943da8050 code [0x0000026943da81a0, 0x0000026943da8358]
Event: 0.729 Thread 0x0000026958f05800   29       3       java.lang.Math::min (11 bytes)
Event: 0.729 Thread 0x0000026958f05800 nmethod 29 0x0000026943da7cd0 code [0x0000026943da7e20, 0x0000026943da7fb8]
Event: 0.730 Thread 0x0000026958f05800   30       1       java.lang.Object::<init> (1 bytes)
Event: 0.730 Thread 0x0000026958f05800 nmethod 30 0x0000026943da79d0 code [0x0000026943da7b20, 0x0000026943da7c38]
Event: 0.741 Thread 0x0000026958f05800   31       3       java.lang.String::toLowerCase (439 bytes)

GC Heap History (0 events):
No events

Deoptimization events (0 events):
No events

Classes redefined (0 events):
No events

Internal exceptions (2 events):
Event: 0.082 Thread 0x0000026942274800 Exception <a 'java/lang/NoSuchMethodError': Method sun.misc.Unsafe.defineClass(Ljava/lang/String;[BII)Ljava/lang/Class; name or signature does not match> (0x00000000d6507cc0) thrown at [C:\jenkins\workspace\8-2-build-windows-amd64-cygwin\jdk8u261\295\hots
Event: 0.083 Thread 0x0000026942274800 Exception <a 'java/lang/NoSuchMethodError': Method sun.misc.Unsafe.prefetchRead(Ljava/lang/Object;J)V name or signature does not match> (0x00000000d6507fa8) thrown at [C:\jenkins\workspace\8-2-build-windows-amd64-cygwin\jdk8u261\295\hotspot\src\share\vm\p

Events (10 events):
Event: 0.740 loading class sun/security/jca/ProviderList$1 done
Event: 0.740 loading class java/security/Provider$ServiceKey
Event: 0.740 loading class java/security/Provider$ServiceKey done
Event: 0.741 loading class java/security/Provider$EngineDescription
Event: 0.741 loading class java/security/Provider$EngineDescription done
Event: 0.741 loading class sun/misc/FloatingDecimal
Event: 0.742 loading class sun/misc/FloatingDecimal done
Event: 0.742 loading class sun/misc/FloatingDecimal$ExceptionalBinaryToASCIIBuffer
Event: 0.742 loading class sun/misc/FloatingDecimal$BinaryToASCIIConverter
Event: 0.742 loading class sun/misc/FloatingDecimal$BinaryToASCIIConverter done


Dynamic libraries:
0x00007ff609820000 - 0x00007ff609867000 	C:\Program Files\Java\jre1.8.0_261\bin\java.exe
0x00007ffd49740000 - 0x00007ffd49930000 	C:\WINDOWS\SYSTEM32\ntdll.dll
0x00007ffd49010000 - 0x00007ffd490c2000 	C:\WINDOWS\System32\KERNEL32.DLL
0x00007ffd47430000 - 0x00007ffd476d5000 	C:\WINDOWS\System32\KERNELBASE.dll
0x00007ffd478f0000 - 0x00007ffd47993000 	C:\WINDOWS\System32\ADVAPI32.dll
0x00007ffd47850000 - 0x00007ffd478ee000 	C:\WINDOWS\System32\msvcrt.dll
0x00007ffd49130000 - 0x00007ffd491c7000 	C:\WINDOWS\System32\sechost.dll
0x00007ffd47c30000 - 0x00007ffd47d50000 	C:\WINDOWS\System32\RPCRT4.dll
0x00007ffd479a0000 - 0x00007ffd47b34000 	C:\WINDOWS\System32\USER32.dll
0x00007ffd466b0000 - 0x00007ffd466d1000 	C:\WINDOWS\System32\win32u.dll
0x00007ffd477f0000 - 0x00007ffd47816000 	C:\WINDOWS\System32\GDI32.dll
0x00007ffd47290000 - 0x00007ffd47426000 	C:\WINDOWS\System32\gdi32full.dll
0x00007ffd471f0000 - 0x00007ffd4728e000 	C:\WINDOWS\System32\msvcp_win.dll
0x00007ffd46880000 - 0x00007ffd4697a000 	C:\WINDOWS\System32\ucrtbase.dll
0x00007ffd363c0000 - 0x00007ffd36644000 	C:\WINDOWS\WinSxS\amd64_microsoft.windows.common-controls_6595b64144ccf1df_6.0.18362.1256_none_9e7e379be45e40e2\COMCTL32.dll
0x00007ffd48890000 - 0x00007ffd48bc6000 	C:\WINDOWS\System32\combase.dll
0x00007ffd47760000 - 0x00007ffd477e1000 	C:\WINDOWS\System32\bcryptPrimitives.dll
0x00007ffd47820000 - 0x00007ffd4784e000 	C:\WINDOWS\System32\IMM32.DLL
0x00007ffd3ec90000 - 0x00007ffd3eca5000 	C:\Program Files\Java\jre1.8.0_261\bin\vcruntime140.dll
0x00007ffd27380000 - 0x00007ffd2741b000 	C:\Program Files\Java\jre1.8.0_261\bin\msvcp140.dll
0x000000006a7d0000 - 0x000000006b03c000 	C:\Program Files\Java\jre1.8.0_261\bin\server\jvm.dll
0x00007ffd49640000 - 0x00007ffd49648000 	C:\WINDOWS\System32\PSAPI.DLL
0x00007ffd2ad30000 - 0x00007ffd2ad39000 	C:\WINDOWS\SYSTEM32\WSOCK32.dll
0x00007ffd48fa0000 - 0x00007ffd4900f000 	C:\WINDOWS\System32\WS2_32.dll
0x00007ffd3f9e0000 - 0x00007ffd3fa04000 	C:\WINDOWS\SYSTEM32\WINMM.dll
0x00007ffd368f0000 - 0x00007ffd368fa000 	C:\WINDOWS\SYSTEM32\VERSION.dll
0x00007ffd3f3f0000 - 0x00007ffd3f41d000 	C:\WINDOWS\SYSTEM32\WINMMBASE.dll
0x00007ffd466e0000 - 0x00007ffd4672a000 	C:\WINDOWS\System32\cfgmgr32.dll
0x00007ffd46690000 - 0x00007ffd466a1000 	C:\WINDOWS\System32\kernel.appcore.dll
0x00007ffd3ec80000 - 0x00007ffd3ec90000 	C:\Program Files\Java\jre1.8.0_261\bin\verify.dll
0x00007ffd35d90000 - 0x00007ffd35dbb000 	C:\Program Files\Java\jre1.8.0_261\bin\java.dll
0x00007ffd35d70000 - 0x00007ffd35d88000 	C:\Program Files\Java\jre1.8.0_261\bin\zip.dll
0x00007ffd480d0000 - 0x00007ffd487b7000 	C:\WINDOWS\System32\SHELL32.dll
0x00007ffd49650000 - 0x00007ffd496f9000 	C:\WINDOWS\System32\shcore.dll
0x00007ffd46a60000 - 0x00007ffd471e1000 	C:\WINDOWS\System32\windows.storage.dll
0x00007ffd46660000 - 0x00007ffd46683000 	C:\WINDOWS\System32\profapi.dll
0x00007ffd46610000 - 0x00007ffd4665a000 	C:\WINDOWS\System32\powrprof.dll
0x00007ffd465e0000 - 0x00007ffd465f0000 	C:\WINDOWS\System32\UMPDC.dll
0x00007ffd490d0000 - 0x00007ffd49122000 	C:\WINDOWS\System32\shlwapi.dll
0x00007ffd476e0000 - 0x00007ffd476f7000 	C:\WINDOWS\System32\cryptsp.dll

VM Arguments:
jvm_args: -Djava.rmi.server.codebase=file:C:\Users\aalex\Documents\SCEProyFin\SCE_ProyectoFinal\Estresamiento\RMI\WSEnvio\tstRMI_WSEnvio.jar 
java_command: C:\Users\aalex\Documents\SCEProyFin\SCE_ProyectoFinal\Estresamiento\RMI\WSEnvio\tstRMI_WSEnvio.jar Cliente localhost 1
java_class_path (initial): C:\Users\aalex\Documents\SCEProyFin\SCE_ProyectoFinal\Estresamiento\RMI\WSEnvio\tstRMI_WSEnvio.jar
Launcher Type: SUN_STANDARD

Environment Variables:
JAVA_HOME=C:\Program Files\Java\jdk1.8.0_151
CLASSPATH=.;C:\Program Files\Java\jre1.8.0_261;
PATH=C:\Program Files\Java\jre1.8.0_261\bin;C:\Python38\Scripts\;C:\Python38\;C:\Program Files (x86)\Common Files\Oracle\Java\javapath;C:\WINDOWS\system32;C:\WINDOWS;C:\WINDOWS\System32\Wbem;C:\WINDOWS\System32\WindowsPowerShell\v1.0\;C:\WINDOWS\System32\OpenSSH\;C:\Program Files\Git\cmd;C:\Program Files\MATLAB\R2019b\bin;C:\Program Files\PuTTY\;C:\ProgramData\chocolatey\bin;C:\Program Files\nodejs\;C:\Users\aalex\AppData\Local\Microsoft\WindowsApps;C:\Users\aalex\AppData\Local\Programs\Microsoft VS Code\bin;C:\Users\aalex\AppData\Roaming\npm;C:\Users\aalex\AppData\Local\atom\bin
USERNAME=aalex
OS=Windows_NT
PROCESSOR_IDENTIFIER=Intel64 Family 6 Model 142 Stepping 12, GenuineIntel



---------------  S Y S T E M  ---------------

OS: Windows 10.0 , 64 bit Build 18362 (10.0.18362.1110)

CPU:total 8 (initial active 8) (4 cores per cpu, 2 threads per core) family 6 model 142 stepping 12, cmov, cx8, fxsr, mmx, sse, sse2, sse3, ssse3, sse4.1, sse4.2, popcnt, avx, avx2, aes, clmul, erms, 3dnowpref, lzcnt, ht, tsc, tscinvbit, bmi1, bmi2, adx

Memory: 4k page, physical 8197876k(1765076k free), swap 23663728k(688k free)

vm_info: Java HotSpot(TM) 64-Bit Server VM (25.261-b12) for windows-amd64 JRE (1.8.0_261-b12), built on Jun 18 2020 06:56:32 by "" with unknown MS VC++:1916

time: Tue Dec 15 17:08:49 2020
timezone: Central Standard Time (Mexico)
elapsed time: 0 seconds (0d 0h 0m 0s)

