#
# A fatal error has been detected by the Java Runtime Environment:
#
#  Internal Error (0xc06d007e), pid=12432, tid=0x0000000000005578
#
# JRE version: Java(TM) SE Runtime Environment (8.0_261-b12) (build 1.8.0_261-b12)
# Java VM: Java HotSpot(TM) 64-Bit Server VM (25.261-b12 mixed mode windows-amd64 compressed oops)
# Problematic frame:
# C  [KERNELBASE.dll+0x43b29]
#
# Failed to write core dump. Minidumps are not enabled by default on client versions of Windows
#
# If you would like to submit a bug report, please visit:
#   http://bugreport.java.com/bugreport/crash.jsp
# The crash happened outside the Java Virtual Machine in native code.
# See problematic frame for where to report the bug.
#

---------------  T H R E A D  ---------------

Current thread (0x0000018bbdbd5000):  JavaThread "main" [_thread_in_native, id=21880, stack(0x0000004ac7200000,0x0000004ac7300000)]

siginfo: ExceptionCode=0xc06d007e, ExceptionInformation=0x0000004ac72fc370 

Registers:
RAX=0x0000018bd47cb1e0, RBX=0x0000000000000000, RCX=0x0000018bd47cb1e0, RDX=0x0000000900000030
RSP=0x0000004ac72fc270, RBP=0x0000004ac72fc3c8, RSI=0x00007ffd2fb346d4, RDI=0x0000000000000000
R8 =0x01d4de0e00000080, R9 =0x01d6d3368d136006, R10=0x01d4de0e72c87f8f, R11=0x0000004ac72fbd00
R12=0x00007ffd2fb38110, R13=0x00007ffd2fb34940, R14=0x00007ffd2fb38360, R15=0x0000000000000005
RIP=0x00007ffd47473b29, EFLAGS=0x0000000000000202

Top of Stack: (sp=0x0000004ac72fc270)
0x0000004ac72fc270:   0000000000000005 0000000000000000
0x0000004ac72fc280:   00007ffd2fb346d4 00007ffd2fb38110
0x0000004ac72fc290:   00000000c06d007e 0000000000000000
0x0000004ac72fc2a0:   00007ffd47473b29 0000018b00000001
0x0000004ac72fc2b0:   0000004ac72fc370 0000000000000000
0x0000004ac72fc2c0:   0000000000000000 00007ffd474876ce
0x0000004ac72fc2d0:   0000000000000000 00007ffd49769bb7
0x0000004ac72fc2e0:   0000004ac72fc330 00007ffd2fb346d4
0x0000004ac72fc2f0:   0000000000000000 0000000000000000
0x0000004ac72fc300:   0000000000000000 00007ffd47487170
0x0000004ac72fc310:   0000000000000000 00007ffd2fb346d4
0x0000004ac72fc320:   0000000000000080 0000000000000000
0x0000004ac72fc330:   00000efa83f6a3b5 0000000000000000
0x0000004ac72fc340:   0000000000000000 00007ffd2fb2f73e
0x0000004ac72fc350:   0000000000000000 0000000000000370
0x0000004ac72fc360:   0000018bbdba04e8 0000004ac72fc370 

Instructions: (pc=0x00007ffd47473b29)
0x00007ffd47473b09:   8b d1 44 0f 47 c0 44 89 44 24 38 49 c1 e0 03 e8
0x00007ffd47473b19:   4a d3 04 00 48 8d 4c 24 20 48 ff 15 ff 44 16 00
0x00007ffd47473b29:   0f 1f 44 00 00 48 8b 8c 24 c0 00 00 00 48 33 cc
0x00007ffd47473b39:   e8 a2 5e 04 00 48 81 c4 d8 00 00 00 c3 83 64 24 


Register to memory mapping:

RAX=0x0000018bd47cb1e0 is an unknown value
RBX=0x0000000000000000 is an unknown value
RCX=0x0000018bd47cb1e0 is an unknown value
RDX=0x0000000900000030 is an unknown value
RSP=0x0000004ac72fc270 is pointing into the stack for thread: 0x0000018bbdbd5000
RBP=0x0000004ac72fc3c8 is pointing into the stack for thread: 0x0000018bbdbd5000
RSI=0x00007ffd2fb346d4 is an unknown value
RDI=0x0000000000000000 is an unknown value
R8 =0x01d4de0e00000080 is an unknown value
R9 =0x01d6d3368d136006 is an unknown value
R10=0x01d4de0e72c87f8f is an unknown value
R11=0x0000004ac72fbd00 is pointing into the stack for thread: 0x0000018bbdbd5000
R12=0x00007ffd2fb38110 is an unknown value
R13=0x00007ffd2fb34940 is an unknown value
R14=0x00007ffd2fb38360 is an unknown value
R15=0x0000000000000005 is an unknown value


Stack: [0x0000004ac7200000,0x0000004ac7300000],  sp=0x0000004ac72fc270,  free space=1008k
Native frames: (J=compiled Java code, j=interpreted, Vv=VM code, C=native code)
C  [KERNELBASE.dll+0x43b29]
C  [net.dll+0xf73e]
C  [net.dll+0xf108]
C  [net.dll+0x5fe7]
C  [net.dll+0x5021]
C  0x0000018bbf5e9f4e

Java frames: (J=compiled Java code, j=interpreted, Vv=VM code)
j  java.net.NetworkInterface.getAll()[Ljava/net/NetworkInterface;+0
j  java.net.NetworkInterface.getNetworkInterfaces()Ljava/util/Enumeration;+0
j  sun.security.provider.SeedGenerator.addNetworkAdapterInfo(Ljava/security/MessageDigest;)V+0
j  sun.security.provider.SeedGenerator.access$000(Ljava/security/MessageDigest;)V+1
j  sun.security.provider.SeedGenerator$1.run()Ljava/lang/Void;+61
j  sun.security.provider.SeedGenerator$1.run()Ljava/lang/Object;+1
v  ~StubRoutines::call_stub
j  java.security.AccessController.doPrivileged(Ljava/security/PrivilegedAction;)Ljava/lang/Object;+0
j  sun.security.provider.SeedGenerator.getSystemEntropy()[B+40
j  sun.security.provider.SecureRandom$SeederHolder.<clinit>()V+4
v  ~StubRoutines::call_stub
j  sun.security.provider.SecureRandom.engineNextBytes([B)V+21
j  java.security.SecureRandom.nextBytes([B)V+5
j  java.security.SecureRandom.next(I)I+17
j  java.util.Random.nextInt()I+3
j  java.rmi.server.UID.<init>()V+23
j  java.rmi.server.ObjID.<clinit>()V+15
v  ~StubRoutines::call_stub
j  java.rmi.registry.LocateRegistry.getRegistry(Ljava/lang/String;ILjava/rmi/server/RMIClientSocketFactory;)Ljava/rmi/registry/Registry;+40
j  java.rmi.registry.LocateRegistry.getRegistry(Ljava/lang/String;I)Ljava/rmi/registry/Registry;+3
j  java.rmi.registry.LocateRegistry.getRegistry(Ljava/lang/String;)Ljava/rmi/registry/Registry;+4
j  example.hello.Cliente.main([Ljava/lang/String;)V+87
v  ~StubRoutines::call_stub
j  sun.reflect.NativeMethodAccessorImpl.invoke0(Ljava/lang/reflect/Method;Ljava/lang/Object;[Ljava/lang/Object;)Ljava/lang/Object;+0
j  sun.reflect.NativeMethodAccessorImpl.invoke(Ljava/lang/Object;[Ljava/lang/Object;)Ljava/lang/Object;+100
j  sun.reflect.DelegatingMethodAccessorImpl.invoke(Ljava/lang/Object;[Ljava/lang/Object;)Ljava/lang/Object;+6
j  java.lang.reflect.Method.invoke(Ljava/lang/Object;[Ljava/lang/Object;)Ljava/lang/Object;+56
j  example.hello.Distribuidor.main([Ljava/lang/String;)V+221
v  ~StubRoutines::call_stub

---------------  P R O C E S S  ---------------

Java Threads: ( => current thread )
  0x0000018bd483f000 JavaThread "Service Thread" daemon [_thread_blocked, id=23412, stack(0x0000004ac8400000,0x0000004ac8500000)]
  0x0000018bd483c000 JavaThread "C1 CompilerThread3" daemon [_thread_blocked, id=22148, stack(0x0000004ac8300000,0x0000004ac8400000)]
  0x0000018bd4837800 JavaThread "C2 CompilerThread2" daemon [_thread_blocked, id=5824, stack(0x0000004ac8200000,0x0000004ac8300000)]
  0x0000018bd47ec000 JavaThread "C2 CompilerThread1" daemon [_thread_blocked, id=10192, stack(0x0000004ac8100000,0x0000004ac8200000)]
  0x0000018bd47cc800 JavaThread "C2 CompilerThread0" daemon [_thread_blocked, id=11192, stack(0x0000004ac8000000,0x0000004ac8100000)]
  0x0000018bd47c8800 JavaThread "Attach Listener" daemon [_thread_blocked, id=3060, stack(0x0000004ac7f00000,0x0000004ac8000000)]
  0x0000018bd47c7800 JavaThread "Signal Dispatcher" daemon [_thread_blocked, id=20164, stack(0x0000004ac7e00000,0x0000004ac7f00000)]
  0x0000018bd47af800 JavaThread "Finalizer" daemon [_thread_blocked, id=5728, stack(0x0000004ac7d00000,0x0000004ac7e00000)]
  0x0000018bd4788800 JavaThread "Reference Handler" daemon [_thread_blocked, id=2428, stack(0x0000004ac7c00000,0x0000004ac7d00000)]
=>0x0000018bbdbd5000 JavaThread "main" [_thread_in_native, id=21880, stack(0x0000004ac7200000,0x0000004ac7300000)]

Other Threads:
  0x0000018bd4784000 VMThread [stack: 0x0000004ac7b00000,0x0000004ac7c00000] [id=21048]
  0x0000018bd484b800 WatcherThread [stack: 0x0000004ac8500000,0x0000004ac8600000] [id=3348]

VM state:not at safepoint (normal execution)

VM Mutex/Monitor currently owned by a thread: None

heap address: 0x0000000082e00000, size: 2002 MB, Compressed Oops mode: 32-bit
Narrow klass base: 0x0000000000000000, Narrow klass shift: 3
Compressed class space size: 1073741824 Address: 0x0000000100000000

Heap:
 PSYoungGen      total 37888K, used 1966K [0x00000000d6500000, 0x00000000d8f00000, 0x0000000100000000)
  eden space 32768K, 6% used [0x00000000d6500000,0x00000000d66eb878,0x00000000d8500000)
  from space 5120K, 0% used [0x00000000d8a00000,0x00000000d8a00000,0x00000000d8f00000)
  to   space 5120K, 0% used [0x00000000d8500000,0x00000000d8500000,0x00000000d8a00000)
 ParOldGen       total 86016K, used 0K [0x0000000082e00000, 0x0000000088200000, 0x00000000d6500000)
  object space 86016K, 0% used [0x0000000082e00000,0x0000000082e00000,0x0000000088200000)
 Metaspace       used 3279K, capacity 4494K, committed 4864K, reserved 1056768K
  class space    used 373K, capacity 386K, committed 512K, reserved 1048576K

Card table byte_map: [0x0000018bce990000,0x0000018bced80000] byte_map_base: 0x0000018bce579000

Marking Bits: (ParMarkBitMap*) 0x000000006afc4fb0
 Begin Bits: [0x0000018bcf020000, 0x0000018bd0f68000)
 End Bits:   [0x0000018bd0f68000, 0x0000018bd2eb0000)

Polling page: 0x0000018bbdb90000

CodeCache: size=245760Kb used=1168Kb max_used=1168Kb free=244591Kb
 bounds [0x0000018bbf5d0000, 0x0000018bbf840000, 0x0000018bce5d0000]
 total_blobs=304 nmethods=53 adapters=164
 compilation: enabled

Compilation events (10 events):
Event: 2.441 Thread 0x0000018bd483c000   49       3       java.lang.Integer::reverseBytes (26 bytes)
Event: 2.441 Thread 0x0000018bd483c000 nmethod 49 0x0000018bbf6f2010 code [0x0000018bbf6f2160, 0x0000018bbf6f22b8]
Event: 2.441 Thread 0x0000018bd483c000   50       1       java.lang.ThreadLocal::access$400 (5 bytes)
Event: 2.441 Thread 0x0000018bd483c000 nmethod 50 0x0000018bbf6f2350 code [0x0000018bbf6f24a0, 0x0000018bbf6f2598]
Event: 2.442 Thread 0x0000018bd483c000   51       1       java.nio.charset.Charset::name (5 bytes)
Event: 2.442 Thread 0x0000018bd483c000 nmethod 51 0x0000018bbf6f2610 code [0x0000018bbf6f2760, 0x0000018bbf6f2878]
Event: 2.442 Thread 0x0000018bd483c000   52       3       sun.nio.cs.SingleByte$Encoder::encode (114 bytes)
Event: 2.442 Thread 0x0000018bd483c000 nmethod 52 0x0000018bbf6f28d0 code [0x0000018bbf6f2aa0, 0x0000018bbf6f3318]
Event: 2.476 Thread 0x0000018bd483c000   53       3       java.lang.StringBuilder::<init> (7 bytes)
Event: 2.476 Thread 0x0000018bd483c000 nmethod 53 0x0000018bbf6f3cd0 code [0x0000018bbf6f3e40, 0x0000018bbf6f40f8]

GC Heap History (0 events):
No events

Deoptimization events (0 events):
No events

Classes redefined (0 events):
No events

Internal exceptions (2 events):
Event: 0.079 Thread 0x0000018bbdbd5000 Exception <a 'java/lang/NoSuchMethodError': Method sun.misc.Unsafe.defineClass(Ljava/lang/String;[BII)Ljava/lang/Class; name or signature does not match> (0x00000000d6507cc0) thrown at [C:\jenkins\workspace\8-2-build-windows-amd64-cygwin\jdk8u261\295\hots
Event: 0.080 Thread 0x0000018bbdbd5000 Exception <a 'java/lang/NoSuchMethodError': Method sun.misc.Unsafe.prefetchRead(Ljava/lang/Object;J)V name or signature does not match> (0x00000000d6507fa8) thrown at [C:\jenkins\workspace\8-2-build-windows-amd64-cygwin\jdk8u261\295\hotspot\src\share\vm\p

Events (10 events):
Event: 2.475 loading class sun/net/spi/nameservice/NameService done
Event: 2.475 loading class java/net/InetAddress$2 done
Event: 2.475 loading class java/net/Inet4Address
Event: 2.475 loading class java/net/Inet4Address done
Event: 2.475 loading class java/net/Inet6Address
Event: 2.475 loading class java/net/Inet6Address done
Event: 2.476 loading class java/net/Inet6Address$Inet6AddressHolder
Event: 2.476 loading class java/net/Inet6Address$Inet6AddressHolder done
Event: 2.476 loading class java/net/DefaultInterface
Event: 2.476 loading class java/net/DefaultInterface done


Dynamic libraries:
0x00007ff7b39c0000 - 0x00007ff7b3a07000 	C:\Program Files\Java\jre1.8.0_261\bin\java.exe
0x00007ffd49740000 - 0x00007ffd49930000 	C:\WINDOWS\SYSTEM32\ntdll.dll
0x00007ffd49010000 - 0x00007ffd490c2000 	C:\WINDOWS\System32\KERNEL32.DLL
0x00007ffd47430000 - 0x00007ffd476d5000 	C:\WINDOWS\System32\KERNELBASE.dll
0x00007ffd478f0000 - 0x00007ffd47993000 	C:\WINDOWS\System32\ADVAPI32.dll
0x00007ffd47850000 - 0x00007ffd478ee000 	C:\WINDOWS\System32\msvcrt.dll
0x00007ffd49130000 - 0x00007ffd491c7000 	C:\WINDOWS\System32\sechost.dll
0x00007ffd47c30000 - 0x00007ffd47d50000 	C:\WINDOWS\System32\RPCRT4.dll
0x00007ffd479a0000 - 0x00007ffd47b34000 	C:\WINDOWS\System32\USER32.dll
0x00007ffd466b0000 - 0x00007ffd466d1000 	C:\WINDOWS\System32\win32u.dll
0x00007ffd477f0000 - 0x00007ffd47816000 	C:\WINDOWS\System32\GDI32.dll
0x00007ffd47290000 - 0x00007ffd47426000 	C:\WINDOWS\System32\gdi32full.dll
0x00007ffd471f0000 - 0x00007ffd4728e000 	C:\WINDOWS\System32\msvcp_win.dll
0x00007ffd46880000 - 0x00007ffd4697a000 	C:\WINDOWS\System32\ucrtbase.dll
0x00007ffd363c0000 - 0x00007ffd36644000 	C:\WINDOWS\WinSxS\amd64_microsoft.windows.common-controls_6595b64144ccf1df_6.0.18362.1256_none_9e7e379be45e40e2\COMCTL32.dll
0x00007ffd48890000 - 0x00007ffd48bc6000 	C:\WINDOWS\System32\combase.dll
0x00007ffd47760000 - 0x00007ffd477e1000 	C:\WINDOWS\System32\bcryptPrimitives.dll
0x00007ffd47820000 - 0x00007ffd4784e000 	C:\WINDOWS\System32\IMM32.DLL
0x00007ffd3ec90000 - 0x00007ffd3eca5000 	C:\Program Files\Java\jre1.8.0_261\bin\vcruntime140.dll
0x00007ffd27380000 - 0x00007ffd2741b000 	C:\Program Files\Java\jre1.8.0_261\bin\msvcp140.dll
0x000000006a7d0000 - 0x000000006b03c000 	C:\Program Files\Java\jre1.8.0_261\bin\server\jvm.dll
0x00007ffd49640000 - 0x00007ffd49648000 	C:\WINDOWS\System32\PSAPI.DLL
0x00007ffd2ad30000 - 0x00007ffd2ad39000 	C:\WINDOWS\SYSTEM32\WSOCK32.dll
0x00007ffd48fa0000 - 0x00007ffd4900f000 	C:\WINDOWS\System32\WS2_32.dll
0x00007ffd3f9e0000 - 0x00007ffd3fa04000 	C:\WINDOWS\SYSTEM32\WINMM.dll
0x00007ffd368f0000 - 0x00007ffd368fa000 	C:\WINDOWS\SYSTEM32\VERSION.dll
0x00007ffd3f3f0000 - 0x00007ffd3f41d000 	C:\WINDOWS\SYSTEM32\WINMMBASE.dll
0x00007ffd466e0000 - 0x00007ffd4672a000 	C:\WINDOWS\System32\cfgmgr32.dll
0x00007ffd46690000 - 0x00007ffd466a1000 	C:\WINDOWS\System32\kernel.appcore.dll
0x00007ffd3ec80000 - 0x00007ffd3ec90000 	C:\Program Files\Java\jre1.8.0_261\bin\verify.dll
0x00007ffd35d90000 - 0x00007ffd35dbb000 	C:\Program Files\Java\jre1.8.0_261\bin\java.dll
0x00007ffd35d70000 - 0x00007ffd35d88000 	C:\Program Files\Java\jre1.8.0_261\bin\zip.dll
0x00007ffd480d0000 - 0x00007ffd487b7000 	C:\WINDOWS\System32\SHELL32.dll
0x00007ffd49650000 - 0x00007ffd496f9000 	C:\WINDOWS\System32\shcore.dll
0x00007ffd46a60000 - 0x00007ffd471e1000 	C:\WINDOWS\System32\windows.storage.dll
0x00007ffd46660000 - 0x00007ffd46683000 	C:\WINDOWS\System32\profapi.dll
0x00007ffd46610000 - 0x00007ffd4665a000 	C:\WINDOWS\System32\powrprof.dll
0x00007ffd465e0000 - 0x00007ffd465f0000 	C:\WINDOWS\System32\UMPDC.dll
0x00007ffd490d0000 - 0x00007ffd49122000 	C:\WINDOWS\System32\shlwapi.dll
0x00007ffd476e0000 - 0x00007ffd476f7000 	C:\WINDOWS\System32\cryptsp.dll
0x00007ffd459a0000 - 0x00007ffd459d3000 	C:\WINDOWS\system32\rsaenh.dll
0x00007ffd46980000 - 0x00007ffd469a6000 	C:\WINDOWS\System32\bcrypt.dll
0x00007ffd46500000 - 0x00007ffd46525000 	C:\WINDOWS\SYSTEM32\USERENV.dll
0x00007ffd46000000 - 0x00007ffd4600c000 	C:\WINDOWS\SYSTEM32\CRYPTBASE.dll
0x00007ffd2fb20000 - 0x00007ffd2fb3c000 	C:\Program Files\Java\jre1.8.0_261\bin\net.dll
0x00007ffd446c0000 - 0x00007ffd448b4000 	C:\WINDOWS\SYSTEM32\dbghelp.dll

VM Arguments:
jvm_args: -Djava.rmi.server.codebase=file:C:\Users\aalex\Documents\SCEProyFin\SCE_ProyectoFinal\Estresamiento\RMI\WSEnvio\tstRMI_WSEnvio.jar 
java_command: C:\Users\aalex\Documents\SCEProyFin\SCE_ProyectoFinal\Estresamiento\RMI\WSEnvio\tstRMI_WSEnvio.jar Cliente localhost 1
java_class_path (initial): C:\Users\aalex\Documents\SCEProyFin\SCE_ProyectoFinal\Estresamiento\RMI\WSEnvio\tstRMI_WSEnvio.jar
Launcher Type: SUN_STANDARD

Environment Variables:
JAVA_HOME=C:\Program Files\Java\jdk1.8.0_151
CLASSPATH=.;C:\Program Files\Java\jre1.8.0_261;
PATH=C:\Program Files\Java\jre1.8.0_261\bin;C:\Python38\Scripts\;C:\Python38\;C:\Program Files (x86)\Common Files\Oracle\Java\javapath;C:\WINDOWS\system32;C:\WINDOWS;C:\WINDOWS\System32\Wbem;C:\WINDOWS\System32\WindowsPowerShell\v1.0\;C:\WINDOWS\System32\OpenSSH\;C:\Program Files\Git\cmd;C:\Program Files\MATLAB\R2019b\bin;C:\Program Files\PuTTY\;C:\ProgramData\chocolatey\bin;C:\Program Files\nodejs\;C:\Users\aalex\AppData\Local\Microsoft\WindowsApps;C:\Users\aalex\AppData\Local\Programs\Microsoft VS Code\bin;C:\Users\aalex\AppData\Roaming\npm;C:\Users\aalex\AppData\Local\atom\bin
USERNAME=aalex
OS=Windows_NT
PROCESSOR_IDENTIFIER=Intel64 Family 6 Model 142 Stepping 12, GenuineIntel



---------------  S Y S T E M  ---------------

OS: Windows 10.0 , 64 bit Build 18362 (10.0.18362.1110)

CPU:total 8 (initial active 8) (4 cores per cpu, 2 threads per core) family 6 model 142 stepping 12, cmov, cx8, fxsr, mmx, sse, sse2, sse3, ssse3, sse4.1, sse4.2, popcnt, avx, avx2, aes, clmul, erms, 3dnowpref, lzcnt, ht, tsc, tscinvbit, bmi1, bmi2, adx

Memory: 4k page, physical 8197876k(711764k free), swap 23663728k(461732k free)

vm_info: Java HotSpot(TM) 64-Bit Server VM (25.261-b12) for windows-amd64 JRE (1.8.0_261-b12), built on Jun 18 2020 06:56:32 by "" with unknown MS VC++:1916

time: Tue Dec 15 17:03:50 2020
timezone: Central Standard Time (Mexico)
elapsed time: 3 seconds (0d 0h 0m 3s)

