#
# There is insufficient memory for the Java Runtime Environment to continue.
# Native memory allocation (malloc) failed to allocate 79936 bytes for Chunk::new
# Possible reasons:
#   The system is out of physical RAM or swap space
#   The process is running with CompressedOops enabled, and the Java Heap may be blocking the growth of the native heap
# Possible solutions:
#   Reduce memory load on the system
#   Increase physical memory or swap space
#   Check if swap backing store is full
#   Decrease Java heap size (-Xmx/-Xms)
#   Decrease number of Java threads
#   Decrease Java thread stack sizes (-Xss)
#   Set larger code cache with -XX:ReservedCodeCacheSize=
#   JVM is running with Unscaled Compressed Oops mode in which the Java heap is
#     placed in the first 4GB address space. The Java Heap base address is the
#     maximum limit for the native heap growth. Please use -XX:HeapBaseMinAddress
#     to set the Java Heap base and to place the Java Heap above 4GB virtual address.
# This output file may be truncated or incomplete.
#
#  Out of Memory Error (allocation.cpp:389), pid=10192, tid=0x00000000000052d0
#
# JRE version: Java(TM) SE Runtime Environment (8.0_261-b12) (build 1.8.0_261-b12)
# Java VM: Java HotSpot(TM) 64-Bit Server VM (25.261-b12 mixed mode windows-amd64 compressed oops)
# Failed to write core dump. Minidumps are not enabled by default on client versions of Windows
#

---------------  T H R E A D  ---------------

Current thread (0x0000020366e1e800):  JavaThread "C2 CompilerThread1" daemon [_thread_in_native, id=21200, stack(0x000000f0a5400000,0x000000f0a5500000)]

Stack: [0x000000f0a5400000,0x000000f0a5500000]
Native frames: (J=compiled Java code, j=interpreted, Vv=VM code, C=native code)
V  [jvm.dll+0x33e5f9]


Current CompileTask:
C2:   8081  450       4       java.lang.String::replace (127 bytes)


---------------  P R O C E S S  ---------------

Java Threads: ( => current thread )
  0x000002036823a000 JavaThread "Keep-Alive-Timer" daemon [_thread_blocked, id=10308, stack(0x000000f0a5c00000,0x000000f0a5d00000)]
  0x000002036852b000 JavaThread "GC Daemon" daemon [_thread_blocked, id=17436, stack(0x000000f0a5b00000,0x000000f0a5c00000)]
  0x0000020368527800 JavaThread "RMI RenewClean-[192.168.0.11:49605]" daemon [_thread_blocked, id=7516, stack(0x000000f0a5a00000,0x000000f0a5b00000)]
  0x000002036855a000 JavaThread "RMI Scheduler(0)" daemon [_thread_blocked, id=23368, stack(0x000000f0a5900000,0x000000f0a5a00000)]
  0x0000020366e4e800 JavaThread "Service Thread" daemon [_thread_blocked, id=19548, stack(0x000000f0a5700000,0x000000f0a5800000)]
  0x0000020366e41800 JavaThread "C1 CompilerThread3" daemon [_thread_blocked, id=22508, stack(0x000000f0a5600000,0x000000f0a5700000)]
  0x0000020366e2a800 JavaThread "C2 CompilerThread2" daemon [_thread_blocked, id=7392, stack(0x000000f0a5500000,0x000000f0a5600000)]
=>0x0000020366e1e800 JavaThread "C2 CompilerThread1" daemon [_thread_in_native, id=21200, stack(0x000000f0a5400000,0x000000f0a5500000)]
  0x0000020366dcf800 JavaThread "C2 CompilerThread0" daemon [_thread_blocked, id=23528, stack(0x000000f0a5300000,0x000000f0a5400000)]
  0x0000020366dcc000 JavaThread "Attach Listener" daemon [_thread_blocked, id=21212, stack(0x000000f0a5200000,0x000000f0a5300000)]
  0x0000020366dcb800 JavaThread "Signal Dispatcher" daemon [_thread_blocked, id=13472, stack(0x000000f0a5100000,0x000000f0a5200000)]
  0x0000020366db0000 JavaThread "Finalizer" daemon [_thread_blocked, id=18868, stack(0x000000f0a5000000,0x000000f0a5100000)]
  0x0000020366d88800 JavaThread "Reference Handler" daemon [_thread_blocked, id=5588, stack(0x000000f0a4f00000,0x000000f0a5000000)]
  0x0000020350304000 JavaThread "main" [_thread_blocked, id=23240, stack(0x000000f0a4500000,0x000000f0a4600000)]

Other Threads:
  0x0000020366d84000 VMThread [stack: 0x000000f0a4e00000,0x000000f0a4f00000] [id=1824]
  0x0000020366e50000 WatcherThread [stack: 0x000000f0a5800000,0x000000f0a5900000] [id=20884]

VM state:at safepoint (normal execution)

VM Mutex/Monitor currently owned by a thread:  ([mutex/lock_event])
[0x0000020350301e10] Threads_lock - owner thread: 0x0000020366d84000
[0x0000020350303820] Heap_lock - owner thread: 0x0000020350304000

heap address: 0x0000000082e00000, size: 2002 MB, Compressed Oops mode: 32-bit
Narrow klass base: 0x0000000000000000, Narrow klass shift: 3
Compressed class space size: 1073741824 Address: 0x0000000100000000

Heap:
 PSYoungGen      total 37888K, used 640K [0x00000000d6500000, 0x00000000d8f00000, 0x0000000100000000)
  eden space 32768K, 0% used [0x00000000d6500000,0x00000000d6500000,0x00000000d8500000)
  from space 5120K, 12% used [0x00000000d8a00000,0x00000000d8aa0020,0x00000000d8f00000)
  to   space 5120K, 0% used [0x00000000d8500000,0x00000000d8500000,0x00000000d8a00000)
 ParOldGen       total 86016K, used 995K [0x0000000082e00000, 0x0000000088200000, 0x00000000d6500000)
  object space 86016K, 1% used [0x0000000082e00000,0x0000000082ef8f98,0x0000000088200000)
 Metaspace       used 9216K, capacity 9396K, committed 9472K, reserved 1062912K
  class space    used 1135K, capacity 1228K, committed 1280K, reserved 1048576K

Card table byte_map: [0x0000020360f80000,0x0000020361370000] byte_map_base: 0x0000020360b69000

Marking Bits: (ParMarkBitMap*) 0x000000006afc4fb0
 Begin Bits: [0x0000020361610000, 0x0000020363558000)
 End Bits:   [0x0000020363558000, 0x00000203654a0000)

Polling page: 0x0000020350560000

CodeCache: size=245760Kb used=2159Kb max_used=2159Kb free=243600Kb
 bounds [0x0000020351bc0000, 0x0000020351e30000, 0x0000020360bc0000]
 total_blobs=829 nmethods=497 adapters=245
 compilation: enabled

Compilation events (10 events):
Event: 8.026 Thread 0x0000020366e41800 nmethod 447 0x0000020351dbfd90 code [0x0000020351dbfee0, 0x0000020351dbfff8]
Event: 8.026 Thread 0x0000020366e41800  448       1       java.lang.reflect.Method::getDeclaringClass (5 bytes)
Event: 8.026 Thread 0x0000020366e41800 nmethod 448 0x0000020351dbfad0 code [0x0000020351dbfc20, 0x0000020351dbfd38]
Event: 8.026 Thread 0x0000020366e41800  451       3       sun.misc.ProxyGenerator$ConstantPool::getNameAndType (30 bytes)
Event: 8.027 Thread 0x0000020366e2a800  454  s    4       java.io.ByteArrayOutputStream::write (32 bytes)
Event: 8.027 Thread 0x0000020366e41800 nmethod 451 0x0000020351dbee10 code [0x0000020351dbf000, 0x0000020351dbf6d0]
Event: 8.027 Thread 0x0000020366e41800  452  s    3       java.io.ByteArrayOutputStream::write (66 bytes)
Event: 8.028 Thread 0x0000020366e41800 nmethod 452 0x0000020351dbe3d0 code [0x0000020351dbe580, 0x0000020351dbebb0]
Event: 8.028 Thread 0x0000020366e41800  453       3       java.io.DataOutputStream::writeUTF (7 bytes)
Event: 8.028 Thread 0x0000020366e41800 nmethod 453 0x0000020351dbe050 code [0x0000020351dbe1c0, 0x0000020351dbe350]

GC Heap History (4 events):
Event: 1.385 GC heap before
{Heap before GC invocations=1 (full 0):
 PSYoungGen      total 37888K, used 4587K [0x00000000d6500000, 0x00000000d8f00000, 0x0000000100000000)
  eden space 32768K, 14% used [0x00000000d6500000,0x00000000d697ae70,0x00000000d8500000)
  from space 5120K, 0% used [0x00000000d8a00000,0x00000000d8a00000,0x00000000d8f00000)
  to   space 5120K, 0% used [0x00000000d8500000,0x00000000d8500000,0x00000000d8a00000)
 ParOldGen       total 86016K, used 0K [0x0000000082e00000, 0x0000000088200000, 0x00000000d6500000)
  object space 86016K, 0% used [0x0000000082e00000,0x0000000082e00000,0x0000000088200000)
 Metaspace       used 6246K, capacity 6468K, committed 6784K, reserved 1056768K
  class space    used 747K, capacity 804K, committed 896K, reserved 1048576K
Event: 1.398 GC heap after
Heap after GC invocations=1 (full 0):
 PSYoungGen      total 37888K, used 1104K [0x00000000d6500000, 0x00000000d8f00000, 0x0000000100000000)
  eden space 32768K, 0% used [0x00000000d6500000,0x00000000d6500000,0x00000000d8500000)
  from space 5120K, 21% used [0x00000000d8500000,0x00000000d8614010,0x00000000d8a00000)
  to   space 5120K, 0% used [0x00000000d8a00000,0x00000000d8a00000,0x00000000d8f00000)
 ParOldGen       total 86016K, used 8K [0x0000000082e00000, 0x0000000088200000, 0x00000000d6500000)
  object space 86016K, 0% used [0x0000000082e00000,0x0000000082e02000,0x0000000088200000)
 Metaspace       used 6246K, capacity 6468K, committed 6784K, reserved 1056768K
  class space    used 747K, capacity 804K, committed 896K, reserved 1048576K
}
Event: 1.398 GC heap before
{Heap before GC invocations=2 (full 1):
 PSYoungGen      total 37888K, used 1104K [0x00000000d6500000, 0x00000000d8f00000, 0x0000000100000000)
  eden space 32768K, 0% used [0x00000000d6500000,0x00000000d6500000,0x00000000d8500000)
  from space 5120K, 21% used [0x00000000d8500000,0x00000000d8614010,0x00000000d8a00000)
  to   space 5120K, 0% used [0x00000000d8a00000,0x00000000d8a00000,0x00000000d8f00000)
 ParOldGen       total 86016K, used 8K [0x0000000082e00000, 0x0000000088200000, 0x00000000d6500000)
  object space 86016K, 0% used [0x0000000082e00000,0x0000000082e02000,0x0000000088200000)
 Metaspace       used 6246K, capacity 6468K, committed 6784K, reserved 1056768K
  class space    used 747K, capacity 804K, committed 896K, reserved 1048576K
Event: 1.434 GC heap after
Heap after GC invocations=2 (full 1):
 PSYoungGen      total 37888K, used 0K [0x00000000d6500000, 0x00000000d8f00000, 0x0000000100000000)
  eden space 32768K, 0% used [0x00000000d6500000,0x00000000d6500000,0x00000000d8500000)
  from space 5120K, 0% used [0x00000000d8500000,0x00000000d8500000,0x00000000d8a00000)
  to   space 5120K, 0% used [0x00000000d8a00000,0x00000000d8a00000,0x00000000d8f00000)
 ParOldGen       total 86016K, used 923K [0x0000000082e00000, 0x0000000088200000, 0x00000000d6500000)
  object space 86016K, 1% used [0x0000000082e00000,0x0000000082ee6f88,0x0000000088200000)
 Metaspace       used 6246K, capacity 6468K, committed 6784K, reserved 1056768K
  class space    used 747K, capacity 804K, committed 896K, reserved 1048576K
}

Deoptimization events (0 events):
No events

Classes redefined (0 events):
No events

Internal exceptions (10 events):
Event: 1.211 Thread 0x0000020350304000 Exception <a 'java/lang/NoSuchFieldError': method resolution failed> (0x00000000d67ca188) thrown at [C:\jenkins\workspace\8-2-build-windows-amd64-cygwin\jdk8u261\295\hotspot\src\share\vm\prims\methodHandles.cpp, line 1169]
Event: 1.285 Thread 0x0000020350304000 Exception <a 'java/security/PrivilegedActionException'> (0x00000000d685fba0) thrown at [C:\jenkins\workspace\8-2-build-windows-amd64-cygwin\jdk8u261\295\hotspot\src\share\vm\prims\jvm.cpp, line 1512]
Event: 1.285 Thread 0x0000020350304000 Exception <a 'java/security/PrivilegedActionException'> (0x00000000d685ff98) thrown at [C:\jenkins\workspace\8-2-build-windows-amd64-cygwin\jdk8u261\295\hotspot\src\share\vm\prims\jvm.cpp, line 1512]
Event: 1.287 Thread 0x0000020350304000 Exception <a 'java/security/PrivilegedActionException'> (0x00000000d6863fd8) thrown at [C:\jenkins\workspace\8-2-build-windows-amd64-cygwin\jdk8u261\295\hotspot\src\share\vm\prims\jvm.cpp, line 1512]
Event: 1.287 Thread 0x0000020350304000 Exception <a 'java/security/PrivilegedActionException'> (0x00000000d68643d0) thrown at [C:\jenkins\workspace\8-2-build-windows-amd64-cygwin\jdk8u261\295\hotspot\src\share\vm\prims\jvm.cpp, line 1512]
Event: 1.358 Thread 0x0000020350304000 Exception <a 'java/lang/NoSuchMethodError': <clinit>> (0x00000000d68a2148) thrown at [C:\jenkins\workspace\8-2-build-windows-amd64-cygwin\jdk8u261\295\hotspot\src\share\vm\prims\jni.cpp, line 1615]
Event: 1.365 Thread 0x0000020350304000 Exception <a 'java/lang/NoSuchMethodError': <clinit>> (0x00000000d68b8ac8) thrown at [C:\jenkins\workspace\8-2-build-windows-amd64-cygwin\jdk8u261\295\hotspot\src\share\vm\prims\jni.cpp, line 1615]
Event: 1.463 Thread 0x0000020368527800 Exception <a 'java/lang/InterruptedException'> (0x00000000d65a3dc0) thrown at [C:\jenkins\workspace\8-2-build-windows-amd64-cygwin\jdk8u261\295\hotspot\src\share\vm\runtime\objectMonitor.cpp, line 1684]
Event: 7.406 Thread 0x0000020350304000 Exception <a 'java/lang/ClassNotFoundException': com/sun/org/glassfish/hk2/osgiresourcelocator/ServiceLoader> (0x00000000d6515ea8) thrown at [C:\jenkins\workspace\8-2-build-windows-amd64-cygwin\jdk8u261\295\hotspot\src\share\vm\classfile\systemDictionary.
Event: 7.427 Thread 0x0000020350304000 Exception <a 'java/io/FileNotFoundException'> (0x00000000d6529a80) thrown at [C:\jenkins\workspace\8-2-build-windows-amd64-cygwin\jdk8u261\295\hotspot\src\share\vm\prims\jni.cpp, line 710]

Events (10 events):
Event: 8.024 loading class com/sun/xml/internal/ws/api/databinding/MetadataReader done
Event: 8.024 loading class com/sun/xml/internal/ws/model/ReflectAnnotationReader done
Event: 8.024 loading class javax/xml/ws/soap/MTOMFeature
Event: 8.024 loading class javax/xml/ws/soap/MTOMFeature done
Event: 8.024 loading class javax/xml/ws/soap/MTOM
Event: 8.024 loading class javax/xml/ws/soap/MTOM done
Event: 8.024 loading class com/sun/xml/internal/ws/model/ReflectAnnotationReader$3
Event: 8.024 loading class com/sun/xml/internal/ws/model/ReflectAnnotationReader$3 done
Event: 8.024 loading class javax/jws/WebService
Event: 8.024 loading class javax/jws/WebService done


Dynamic libraries:
0x00007ff7b39c0000 - 0x00007ff7b3a07000 	C:\Program Files\Java\jre1.8.0_261\bin\java.exe
0x00007ffd49740000 - 0x00007ffd49930000 	C:\WINDOWS\SYSTEM32\ntdll.dll
0x00007ffd49010000 - 0x00007ffd490c2000 	C:\WINDOWS\System32\KERNEL32.DLL
0x00007ffd47430000 - 0x00007ffd476d5000 	C:\WINDOWS\System32\KERNELBASE.dll
0x00007ffd478f0000 - 0x00007ffd47993000 	C:\WINDOWS\System32\ADVAPI32.dll
0x00007ffd47850000 - 0x00007ffd478ee000 	C:\WINDOWS\System32\msvcrt.dll
0x00007ffd49130000 - 0x00007ffd491c7000 	C:\WINDOWS\System32\sechost.dll
0x00007ffd47c30000 - 0x00007ffd47d50000 	C:\WINDOWS\System32\RPCRT4.dll
0x00007ffd479a0000 - 0x00007ffd47b34000 	C:\WINDOWS\System32\USER32.dll
0x00007ffd466b0000 - 0x00007ffd466d1000 	C:\WINDOWS\System32\win32u.dll
0x00007ffd477f0000 - 0x00007ffd47816000 	C:\WINDOWS\System32\GDI32.dll
0x00007ffd47290000 - 0x00007ffd47426000 	C:\WINDOWS\System32\gdi32full.dll
0x00007ffd471f0000 - 0x00007ffd4728e000 	C:\WINDOWS\System32\msvcp_win.dll
0x00007ffd46880000 - 0x00007ffd4697a000 	C:\WINDOWS\System32\ucrtbase.dll
0x00007ffd363c0000 - 0x00007ffd36644000 	C:\WINDOWS\WinSxS\amd64_microsoft.windows.common-controls_6595b64144ccf1df_6.0.18362.1256_none_9e7e379be45e40e2\COMCTL32.dll
0x00007ffd48890000 - 0x00007ffd48bc6000 	C:\WINDOWS\System32\combase.dll
0x00007ffd47760000 - 0x00007ffd477e1000 	C:\WINDOWS\System32\bcryptPrimitives.dll
0x00007ffd47820000 - 0x00007ffd4784e000 	C:\WINDOWS\System32\IMM32.DLL
0x00007ffd3ec90000 - 0x00007ffd3eca5000 	C:\Program Files\Java\jre1.8.0_261\bin\vcruntime140.dll
0x00007ffd27380000 - 0x00007ffd2741b000 	C:\Program Files\Java\jre1.8.0_261\bin\msvcp140.dll
0x000000006a7d0000 - 0x000000006b03c000 	C:\Program Files\Java\jre1.8.0_261\bin\server\jvm.dll
0x00007ffd49640000 - 0x00007ffd49648000 	C:\WINDOWS\System32\PSAPI.DLL
0x00007ffd2ad30000 - 0x00007ffd2ad39000 	C:\WINDOWS\SYSTEM32\WSOCK32.dll
0x00007ffd48fa0000 - 0x00007ffd4900f000 	C:\WINDOWS\System32\WS2_32.dll
0x00007ffd3f9e0000 - 0x00007ffd3fa04000 	C:\WINDOWS\SYSTEM32\WINMM.dll
0x00007ffd368f0000 - 0x00007ffd368fa000 	C:\WINDOWS\SYSTEM32\VERSION.dll
0x00007ffd3f3f0000 - 0x00007ffd3f41d000 	C:\WINDOWS\SYSTEM32\WINMMBASE.dll
0x00007ffd466e0000 - 0x00007ffd4672a000 	C:\WINDOWS\System32\cfgmgr32.dll
0x00007ffd46690000 - 0x00007ffd466a1000 	C:\WINDOWS\System32\kernel.appcore.dll
0x00007ffd3ec80000 - 0x00007ffd3ec90000 	C:\Program Files\Java\jre1.8.0_261\bin\verify.dll
0x00007ffd35d90000 - 0x00007ffd35dbb000 	C:\Program Files\Java\jre1.8.0_261\bin\java.dll
0x00007ffd35d70000 - 0x00007ffd35d88000 	C:\Program Files\Java\jre1.8.0_261\bin\zip.dll
0x00007ffd480d0000 - 0x00007ffd487b7000 	C:\WINDOWS\System32\SHELL32.dll
0x00007ffd49650000 - 0x00007ffd496f9000 	C:\WINDOWS\System32\shcore.dll
0x00007ffd46a60000 - 0x00007ffd471e1000 	C:\WINDOWS\System32\windows.storage.dll
0x00007ffd46660000 - 0x00007ffd46683000 	C:\WINDOWS\System32\profapi.dll
0x00007ffd46610000 - 0x00007ffd4665a000 	C:\WINDOWS\System32\powrprof.dll
0x00007ffd465e0000 - 0x00007ffd465f0000 	C:\WINDOWS\System32\UMPDC.dll
0x00007ffd490d0000 - 0x00007ffd49122000 	C:\WINDOWS\System32\shlwapi.dll
0x00007ffd476e0000 - 0x00007ffd476f7000 	C:\WINDOWS\System32\cryptsp.dll
0x00007ffd459a0000 - 0x00007ffd459d3000 	C:\WINDOWS\system32\rsaenh.dll
0x00007ffd46980000 - 0x00007ffd469a6000 	C:\WINDOWS\System32\bcrypt.dll
0x00007ffd46500000 - 0x00007ffd46525000 	C:\WINDOWS\SYSTEM32\USERENV.dll
0x00007ffd46000000 - 0x00007ffd4600c000 	C:\WINDOWS\SYSTEM32\CRYPTBASE.dll
0x00007ffd2fb20000 - 0x00007ffd2fb3c000 	C:\Program Files\Java\jre1.8.0_261\bin\net.dll
0x00007ffd45e30000 - 0x00007ffd45e97000 	C:\WINDOWS\system32\mswsock.dll
0x00007ffd45b40000 - 0x00007ffd45b7a000 	C:\WINDOWS\SYSTEM32\IPHLPAPI.DLL
0x00007ffd48d40000 - 0x00007ffd48d48000 	C:\WINDOWS\System32\NSI.dll
0x00007ffd3ca70000 - 0x00007ffd3ca86000 	C:\WINDOWS\SYSTEM32\dhcpcsvc6.DLL
0x00007ffd3cab0000 - 0x00007ffd3cacc000 	C:\WINDOWS\SYSTEM32\dhcpcsvc.DLL
0x00007ffd45b80000 - 0x00007ffd45c4b000 	C:\WINDOWS\SYSTEM32\DNSAPI.dll
0x00007ffd2fb00000 - 0x00007ffd2fb13000 	C:\Program Files\Java\jre1.8.0_261\bin\nio.dll
0x00007ffd0ef30000 - 0x00007ffd0ef46000 	C:\WINDOWS\system32\napinsp.dll
0x00007ffd0db50000 - 0x00007ffd0db6a000 	C:\WINDOWS\system32\pnrpnsp.dll
0x00007ffd29c70000 - 0x00007ffd29c7e000 	C:\WINDOWS\System32\winrnr.dll
0x00007ffd40ce0000 - 0x00007ffd40cfc000 	C:\WINDOWS\system32\NLAapi.dll
0x00007ffd2c250000 - 0x00007ffd2c265000 	C:\WINDOWS\system32\wshbth.dll
0x000000006c190000 - 0x000000006c1b6000 	C:\Program Files\Bonjour\mdnsNSP.dll
0x00007ffd36220000 - 0x00007ffd3622a000 	C:\Windows\System32\rasadhlp.dll
0x00007ffd3a540000 - 0x00007ffd3a5b7000 	C:\WINDOWS\System32\fwpuclnt.dll

VM Arguments:
jvm_args: -Djava.rmi.server.codebase=file:C:\Users\aalex\Documents\SCEProyFin\SCE_ProyectoFinal\Estresamiento\RMI\WSEnvio\tstRMI_WSEnvio.jar 
java_command: C:\Users\aalex\Documents\SCEProyFin\SCE_ProyectoFinal\Estresamiento\RMI\WSEnvio\tstRMI_WSEnvio.jar Cliente localhost 1
java_class_path (initial): C:\Users\aalex\Documents\SCEProyFin\SCE_ProyectoFinal\Estresamiento\RMI\WSEnvio\tstRMI_WSEnvio.jar
Launcher Type: SUN_STANDARD

Environment Variables:
JAVA_HOME=C:\Program Files\Java\jdk1.8.0_151
CLASSPATH=.;C:\Program Files\Java\jre1.8.0_261;
PATH=C:\Program Files\Java\jre1.8.0_261\bin;C:\Python38\Scripts\;C:\Python38\;C:\Program Files (x86)\Common Files\Oracle\Java\javapath;C:\WINDOWS\system32;C:\WINDOWS;C:\WINDOWS\System32\Wbem;C:\WINDOWS\System32\WindowsPowerShell\v1.0\;C:\WINDOWS\System32\OpenSSH\;C:\Program Files\Git\cmd;C:\Program Files\MATLAB\R2019b\bin;C:\Program Files\PuTTY\;C:\ProgramData\chocolatey\bin;C:\Program Files\nodejs\;C:\Users\aalex\AppData\Local\Microsoft\WindowsApps;C:\Users\aalex\AppData\Local\Programs\Microsoft VS Code\bin;C:\Users\aalex\AppData\Roaming\npm;C:\Users\aalex\AppData\Local\atom\bin
USERNAME=aalex
OS=Windows_NT
PROCESSOR_IDENTIFIER=Intel64 Family 6 Model 142 Stepping 12, GenuineIntel



---------------  S Y S T E M  ---------------

OS: Windows 10.0 , 64 bit Build 18362 (10.0.18362.1110)

CPU:total 8 (initial active 8) (4 cores per cpu, 2 threads per core) family 6 model 142 stepping 12, cmov, cx8, fxsr, mmx, sse, sse2, sse3, ssse3, sse4.1, sse4.2, popcnt, avx, avx2, aes, clmul, erms, 3dnowpref, lzcnt, ht, tsc, tscinvbit, bmi1, bmi2, adx

Memory: 4k page, physical 8197876k(659468k free), swap 23663728k(4048k free)

vm_info: Java HotSpot(TM) 64-Bit Server VM (25.261-b12) for windows-amd64 JRE (1.8.0_261-b12), built on Jun 18 2020 06:56:32 by "" with unknown MS VC++:1916

time: Tue Dec 15 17:02:30 2020
timezone: Central Standard Time (Mexico)
elapsed time: 8 seconds (0d 0h 0m 8s)

